Using pre-set license
Built from '2021.3/staging' branch; Version is '2021.3.11f1 (0a5ca18544bf) revision 679073'; Using compiler version '192829333'; Build Type 'Release'
OS: 'Windows 10  (10.0.19045) 64bit Core' Language: 'pt' Physical Memory: 15754 MB
BatchMode: 1, IsHumanControllingUs: 0, StartBugReporterOnCrash: 0, Is64bit: 1, IsPro: 1

COMMAND LINE ARGUMENTS:
C:\Program Files\Unity\Hub\Editor\2021.3.11f1\Editor\Unity.exe
-adb2
-batchMode
-noUpm
-name
AssetImportWorker0
-projectPath
C:/Users/lbola/Desktop/Project_Museum/Project Museum
-logFile
Logs/AssetImportWorker0.log
-srvPort
51949
Successfully changed project path to: C:/Users/lbola/Desktop/Project_Museum/Project Museum
C:/Users/lbola/Desktop/Project_Museum/Project Museum
[UnityMemory] Configuration Parameters - Can be set up in boot.config
    "memorysetup-bucket-allocator-granularity=16"
    "memorysetup-bucket-allocator-bucket-count=8"
    "memorysetup-bucket-allocator-block-size=33554432"
    "memorysetup-bucket-allocator-block-count=8"
    "memorysetup-main-allocator-block-size=16777216"
    "memorysetup-thread-allocator-block-size=16777216"
    "memorysetup-gfx-main-allocator-block-size=16777216"
    "memorysetup-gfx-thread-allocator-block-size=16777216"
    "memorysetup-cache-allocator-block-size=4194304"
    "memorysetup-typetree-allocator-block-size=2097152"
    "memorysetup-profiler-bucket-allocator-granularity=16"
    "memorysetup-profiler-bucket-allocator-bucket-count=8"
    "memorysetup-profiler-bucket-allocator-block-size=33554432"
    "memorysetup-profiler-bucket-allocator-block-count=8"
    "memorysetup-profiler-allocator-block-size=16777216"
    "memorysetup-profiler-editor-allocator-block-size=1048576"
    "memorysetup-temp-allocator-size-main=16777216"
    "memorysetup-job-temp-allocator-block-size=2097152"
    "memorysetup-job-temp-allocator-block-size-background=1048576"
    "memorysetup-job-temp-allocator-reduction-small-platforms=262144"
    "memorysetup-temp-allocator-size-background-worker=32768"
    "memorysetup-temp-allocator-size-job-worker=262144"
    "memorysetup-temp-allocator-size-preload-manager=33554432"
    "memorysetup-temp-allocator-size-nav-mesh-worker=65536"
    "memorysetup-temp-allocator-size-audio-worker=65536"
    "memorysetup-temp-allocator-size-cloud-worker=32768"
    "memorysetup-temp-allocator-size-gi-baking-worker=262144"
    "memorysetup-temp-allocator-size-gfx=262144"
Refreshing native plugins compatible for Editor in 69.76 ms, found 3 plugins.
Preloading 0 native plugins for Editor in 0.00 ms.
Initialize engine version: 2021.3.11f1 (0a5ca18544bf)
[Subsystems] Discovering subsystems at path C:/Program Files/Unity/Hub/Editor/2021.3.11f1/Editor/Data/Resources/UnitySubsystems
[Subsystems] Discovering subsystems at path C:/Users/lbola/Desktop/Project_Museum/Project Museum/Assets
GfxDevice: creating device client; threaded=0; jobified=0
Direct3D:
    Version:  Direct3D 11.0 [level 11.1]
    Renderer: AMD Radeon RX 6600M (ID=0x73ff)
    Vendor:   ATI
    VRAM:     8146 MB
    Driver:   31.0.14051.5006
Initialize mono
Mono path[0] = 'C:/Program Files/Unity/Hub/Editor/2021.3.11f1/Editor/Data/Managed'
Mono path[1] = 'C:/Program Files/Unity/Hub/Editor/2021.3.11f1/Editor/Data/MonoBleedingEdge/lib/mono/unityjit-win32'
Mono config path = 'C:/Program Files/Unity/Hub/Editor/2021.3.11f1/Editor/Data/MonoBleedingEdge/etc'
Using monoOptions --debugger-agent=transport=dt_socket,embedding=1,server=y,suspend=n,address=127.0.0.1:56256
Begin MonoManager ReloadAssembly
Registering precompiled unity dll's ...
Register platform support module: C:/Program Files/Unity/Hub/Editor/2021.3.11f1/Editor/Data/PlaybackEngines/WindowsStandaloneSupport/UnityEditor.WindowsStandalone.Extensions.dll
Registered in 0.007166 seconds.
Native extension for WindowsStandalone target not found
Refreshing native plugins compatible for Editor in 66.92 ms, found 3 plugins.
Preloading 0 native plugins for Editor in 0.00 ms.
Mono: successfully reloaded assembly
- Completed reload, in  0.540 seconds
Domain Reload Profiling:
	ReloadAssembly (540ms)
		BeginReloadAssembly (66ms)
			ExecutionOrderSort (0ms)
			DisableScriptedObjects (0ms)
			BackupInstance (0ms)
			ReleaseScriptingObjects (0ms)
			CreateAndSetChildDomain (1ms)
		EndReloadAssembly (379ms)
			LoadAssemblies (64ms)
			RebuildTransferFunctionScriptingTraits (0ms)
			SetupTypeCache (82ms)
			ReleaseScriptCaches (0ms)
			RebuildScriptCaches (21ms)
			SetupLoadedEditorAssemblies (233ms)
				LogAssemblyErrors (0ms)
				InitializePlatformSupportModulesInManaged (7ms)
				SetLoadedEditorAssemblies (0ms)
				RefreshPlugins (67ms)
				BeforeProcessingInitializeOnLoad (1ms)
				ProcessInitializeOnLoadAttributes (119ms)
				ProcessInitializeOnLoadMethodAttributes (39ms)
				AfterProcessingInitializeOnLoad (0ms)
				EditorAssembliesLoaded (0ms)
			ExecutionOrderSort2 (0ms)
			AwakeInstancesAfterBackupRestoration (0ms)
Platform modules already initialized, skipping
Registering precompiled user dll's ...
Registered in 0.006103 seconds.
Begin MonoManager ReloadAssembly
Symbol file LoadedFromMemory doesn't match image C:\Users\lbola\Desktop\Project_Museum\Project Museum\Library\PackageCache\com.unity.visualscripting@1.7.8\Editor\VisualScripting.Core\Dependencies\YamlDotNet\Unity.VisualScripting.YamlDotNet.dll
Symbol file LoadedFromMemory doesn't match image C:\Users\lbola\Desktop\Project_Museum\Project Museum\Library\PackageCache\com.unity.visualscripting@1.7.8\Editor\VisualScripting.Core\Dependencies\DotNetZip\Unity.VisualScripting.IonicZip.dll
Native extension for WindowsStandalone target not found
Refreshing native plugins compatible for Editor in 0.74 ms, found 3 plugins.
Preloading 0 native plugins for Editor in 0.00 ms.
Mono: successfully reloaded assembly
- Completed reload, in  0.937 seconds
Domain Reload Profiling:
	ReloadAssembly (938ms)
		BeginReloadAssembly (100ms)
			ExecutionOrderSort (0ms)
			DisableScriptedObjects (6ms)
			BackupInstance (0ms)
			ReleaseScriptingObjects (0ms)
			CreateAndSetChildDomain (18ms)
		EndReloadAssembly (737ms)
			LoadAssemblies (73ms)
			RebuildTransferFunctionScriptingTraits (0ms)
			SetupTypeCache (215ms)
			ReleaseScriptCaches (1ms)
			RebuildScriptCaches (42ms)
			SetupLoadedEditorAssemblies (376ms)
				LogAssemblyErrors (0ms)
				InitializePlatformSupportModulesInManaged (5ms)
				SetLoadedEditorAssemblies (0ms)
				RefreshPlugins (1ms)
				BeforeProcessingInitializeOnLoad (76ms)
				ProcessInitializeOnLoadAttributes (261ms)
				ProcessInitializeOnLoadMethodAttributes (25ms)
				AfterProcessingInitializeOnLoad (8ms)
				EditorAssembliesLoaded (0ms)
			ExecutionOrderSort2 (0ms)
			AwakeInstancesAfterBackupRestoration (5ms)
Platform modules already initialized, skipping
========================================================================
Worker process is ready to serve import requests
Launched and connected shader compiler UnityShaderCompiler.exe after 0.04 seconds
Refreshing native plugins compatible for Editor in 0.65 ms, found 3 plugins.
Preloading 0 native plugins for Editor in 0.00 ms.
Unloading 3453 Unused Serialized files (Serialized files now loaded: 0)
Unloading 26 unused Assets / (88.0 KB). Loaded Objects now: 3932.
Memory consumption went from 134.4 MB to 134.4 MB.
Total: 3.171200 ms (FindLiveObjects: 0.251800 ms CreateObjectMapping: 0.194300 ms MarkObjects: 2.626800 ms  DeleteObjects: 0.097500 ms)

AssetImportParameters requested are different than current active one (requested -> active):
  custom:video-decoder-ogg-theora: a1e56fd34408186e4bbccfd4996cb3dc -> 
  custom:container-muxer-webm: aa71ff27fc2769a1b78a27578f13a17b -> 
  custom:container-demuxer-webm: 4f35f7cbe854078d1ac9338744f61a02 -> 
  custom:video-encoder-webm-vp8: eb34c28f22e8b96e1ab97ce403110664 -> 
  custom:audio-encoder-webm-vorbis: bf7c407c2cedff20999df2af8eb42d56 -> 
  custom:framework-win-MediaFoundation: 216162199b28c13a410421893ffa2e32 -> 
  custom:container-demuxer-ogg: 62fdf1f143b41e24485cea50d1cbac27 -> 
  custom:video-decoder-webm-vp8: 9c59270c3fd7afecdb556c50c9e8de78 -> 
  custom:audio-decoder-ogg-vorbis: bf7c407c2cedff20999df2af8eb42d56 -> 
========================================================================
Received Import Request.
  Time since last request: 87101.441768 seconds.
  path: Assets/Museum/Room 1
  artifactKey: Guid(b50ad407e3fec8743b57511ff101ad65) Importer(815301076,1909f56bfc062723c751e8b465ee728b)
Start importing Assets/Museum/Room 1 using Guid(b50ad407e3fec8743b57511ff101ad65) Importer(815301076,1909f56bfc062723c751e8b465ee728b)  -> (artifact id: '1fe4a74d58b58f2155e9482ea36c16ea') in 0.020240 seconds 
========================================================================
Received Import Request.
  Time since last request: 0.529508 seconds.
  path: Assets/Museum/SM_Bld_Floor_Wood_01.fbx
  artifactKey: Guid(007dd04b04b92e3479df4842b5b90626) Importer(815301076,1909f56bfc062723c751e8b465ee728b)
Start importing Assets/Museum/SM_Bld_Floor_Wood_01.fbx using Guid(007dd04b04b92e3479df4842b5b90626) Importer(815301076,1909f56bfc062723c751e8b465ee728b)  -> (artifact id: 'd42c249220375aa57d88e1dc90e6089d') in 0.131709 seconds 
========================================================================
Received Prepare
Registering precompiled user dll's ...
Registered in 0.005360 seconds.
Begin MonoManager ReloadAssembly
Symbol file LoadedFromMemory doesn't match image C:\Users\lbola\Desktop\Project_Museum\Project Museum\Library\PackageCache\com.unity.visualscripting@1.7.8\Editor\VisualScripting.Core\Dependencies\YamlDotNet\Unity.VisualScripting.YamlDotNet.dll
Symbol file LoadedFromMemory doesn't match image C:\Users\lbola\Desktop\Project_Museum\Project Museum\Library\PackageCache\com.unity.visualscripting@1.7.8\Editor\VisualScripting.Core\Dependencies\DotNetZip\Unity.VisualScripting.IonicZip.dll
Native extension for WindowsStandalone target not found
Refreshing native plugins compatible for Editor in 0.53 ms, found 3 plugins.
Preloading 0 native plugins for Editor in 0.00 ms.
Mono: successfully reloaded assembly
- Completed reload, in  0.852 seconds
Domain Reload Profiling:
	ReloadAssembly (853ms)
		BeginReloadAssembly (124ms)
			ExecutionOrderSort (0ms)
			DisableScriptedObjects (6ms)
			BackupInstance (0ms)
			ReleaseScriptingObjects (0ms)
			CreateAndSetChildDomain (34ms)
		EndReloadAssembly (646ms)
			LoadAssemblies (75ms)
			RebuildTransferFunctionScriptingTraits (0ms)
			SetupTypeCache (231ms)
			ReleaseScriptCaches (1ms)
			RebuildScriptCaches (31ms)
			SetupLoadedEditorAssemblies (280ms)
				LogAssemblyErrors (0ms)
				InitializePlatformSupportModulesInManaged (11ms)
				SetLoadedEditorAssemblies (0ms)
				RefreshPlugins (1ms)
				BeforeProcessingInitializeOnLoad (59ms)
				ProcessInitializeOnLoadAttributes (177ms)
				ProcessInitializeOnLoadMethodAttributes (23ms)
				AfterProcessingInitializeOnLoad (8ms)
				EditorAssembliesLoaded (0ms)
			ExecutionOrderSort2 (0ms)
			AwakeInstancesAfterBackupRestoration (5ms)
Platform modules already initialized, skipping
Refreshing native plugins compatible for Editor in 1.75 ms, found 3 plugins.
Preloading 0 native plugins for Editor in 0.00 ms.
Unloading 3435 Unused Serialized files (Serialized files now loaded: 0)
Unloading 20 unused Assets / (80.5 KB). Loaded Objects now: 3979.
Memory consumption went from 137.8 MB to 137.7 MB.
Total: 2.961700 ms (FindLiveObjects: 0.228400 ms CreateObjectMapping: 0.162100 ms MarkObjects: 2.482900 ms  DeleteObjects: 0.087400 ms)

AssetImportParameters requested are different than current active one (requested -> active):
  custom:video-decoder-ogg-theora: a1e56fd34408186e4bbccfd4996cb3dc -> 
  custom:container-muxer-webm: aa71ff27fc2769a1b78a27578f13a17b -> 
  custom:container-demuxer-webm: 4f35f7cbe854078d1ac9338744f61a02 -> 
  custom:video-encoder-webm-vp8: eb34c28f22e8b96e1ab97ce403110664 -> 
  custom:audio-encoder-webm-vorbis: bf7c407c2cedff20999df2af8eb42d56 -> 
  custom:framework-win-MediaFoundation: 216162199b28c13a410421893ffa2e32 -> 
  custom:container-demuxer-ogg: 62fdf1f143b41e24485cea50d1cbac27 -> 
  custom:video-decoder-webm-vp8: 9c59270c3fd7afecdb556c50c9e8de78 -> 
  custom:audio-decoder-ogg-vorbis: bf7c407c2cedff20999df2af8eb42d56 -> 
========================================================================
Received Prepare
Registering precompiled user dll's ...
Registered in 0.006255 seconds.
Begin MonoManager ReloadAssembly
Symbol file LoadedFromMemory doesn't match image C:\Users\lbola\Desktop\Project_Museum\Project Museum\Library\PackageCache\com.unity.visualscripting@1.7.8\Editor\VisualScripting.Core\Dependencies\YamlDotNet\Unity.VisualScripting.YamlDotNet.dll
Symbol file LoadedFromMemory doesn't match image C:\Users\lbola\Desktop\Project_Museum\Project Museum\Library\PackageCache\com.unity.visualscripting@1.7.8\Editor\VisualScripting.Core\Dependencies\DotNetZip\Unity.VisualScripting.IonicZip.dll
Native extension for WindowsStandalone target not found
Refreshing native plugins compatible for Editor in 0.93 ms, found 3 plugins.
Preloading 0 native plugins for Editor in 0.00 ms.
Mono: successfully reloaded assembly
- Completed reload, in  0.931 seconds
Domain Reload Profiling:
	ReloadAssembly (932ms)
		BeginReloadAssembly (132ms)
			ExecutionOrderSort (0ms)
			DisableScriptedObjects (4ms)
			BackupInstance (0ms)
			ReleaseScriptingObjects (0ms)
			CreateAndSetChildDomain (33ms)
		EndReloadAssembly (716ms)
			LoadAssemblies (84ms)
			RebuildTransferFunctionScriptingTraits (0ms)
			SetupTypeCache (217ms)
			ReleaseScriptCaches (2ms)
			RebuildScriptCaches (41ms)
			SetupLoadedEditorAssemblies (335ms)
				LogAssemblyErrors (0ms)
				InitializePlatformSupportModulesInManaged (13ms)
				SetLoadedEditorAssemblies (0ms)
				RefreshPlugins (1ms)
				BeforeProcessingInitializeOnLoad (71ms)
				ProcessInitializeOnLoadAttributes (212ms)
				ProcessInitializeOnLoadMethodAttributes (29ms)
				AfterProcessingInitializeOnLoad (9ms)
				EditorAssembliesLoaded (0ms)
			ExecutionOrderSort2 (0ms)
			AwakeInstancesAfterBackupRestoration (6ms)
Platform modules already initialized, skipping
Refreshing native plugins compatible for Editor in 2.22 ms, found 3 plugins.
Preloading 0 native plugins for Editor in 0.00 ms.
Unloading 3435 Unused Serialized files (Serialized files now loaded: 0)
Unloading 20 unused Assets / (80.5 KB). Loaded Objects now: 3982.
Memory consumption went from 137.8 MB to 137.7 MB.
Total: 4.316600 ms (FindLiveObjects: 0.343600 ms CreateObjectMapping: 0.386000 ms MarkObjects: 3.420200 ms  DeleteObjects: 0.165900 ms)

AssetImportParameters requested are different than current active one (requested -> active):
  custom:video-decoder-ogg-theora: a1e56fd34408186e4bbccfd4996cb3dc -> 
  custom:container-muxer-webm: aa71ff27fc2769a1b78a27578f13a17b -> 
  custom:container-demuxer-webm: 4f35f7cbe854078d1ac9338744f61a02 -> 
  custom:video-encoder-webm-vp8: eb34c28f22e8b96e1ab97ce403110664 -> 
  custom:audio-encoder-webm-vorbis: bf7c407c2cedff20999df2af8eb42d56 -> 
  custom:framework-win-MediaFoundation: 216162199b28c13a410421893ffa2e32 -> 
  custom:container-demuxer-ogg: 62fdf1f143b41e24485cea50d1cbac27 -> 
  custom:video-decoder-webm-vp8: 9c59270c3fd7afecdb556c50c9e8de78 -> 
  custom:audio-decoder-ogg-vorbis: bf7c407c2cedff20999df2af8eb42d56 -> 
========================================================================
Received Prepare
Registering precompiled user dll's ...
Registered in 0.006224 seconds.
Begin MonoManager ReloadAssembly
Symbol file LoadedFromMemory doesn't match image C:\Users\lbola\Desktop\Project_Museum\Project Museum\Library\PackageCache\com.unity.visualscripting@1.7.8\Editor\VisualScripting.Core\Dependencies\YamlDotNet\Unity.VisualScripting.YamlDotNet.dll
Symbol file LoadedFromMemory doesn't match image C:\Users\lbola\Desktop\Project_Museum\Project Museum\Library\PackageCache\com.unity.visualscripting@1.7.8\Editor\VisualScripting.Core\Dependencies\DotNetZip\Unity.VisualScripting.IonicZip.dll
Native extension for WindowsStandalone target not found
Refreshing native plugins compatible for Editor in 0.84 ms, found 3 plugins.
Preloading 0 native plugins for Editor in 0.00 ms.
Mono: successfully reloaded assembly
- Completed reload, in  0.904 seconds
Domain Reload Profiling:
	ReloadAssembly (904ms)
		BeginReloadAssembly (115ms)
			ExecutionOrderSort (0ms)
			DisableScriptedObjects (5ms)
			BackupInstance (0ms)
			ReleaseScriptingObjects (0ms)
			CreateAndSetChildDomain (32ms)
		EndReloadAssembly (704ms)
			LoadAssemblies (68ms)
			RebuildTransferFunctionScriptingTraits (0ms)
			SetupTypeCache (224ms)
			ReleaseScriptCaches (1ms)
			RebuildScriptCaches (36ms)
			SetupLoadedEditorAssemblies (326ms)
				LogAssemblyErrors (0ms)
				InitializePlatformSupportModulesInManaged (13ms)
				SetLoadedEditorAssemblies (0ms)
				RefreshPlugins (1ms)
				BeforeProcessingInitializeOnLoad (68ms)
				ProcessInitializeOnLoadAttributes (205ms)
				ProcessInitializeOnLoadMethodAttributes (29ms)
				AfterProcessingInitializeOnLoad (10ms)
				EditorAssembliesLoaded (0ms)
			ExecutionOrderSort2 (0ms)
			AwakeInstancesAfterBackupRestoration (6ms)
Platform modules already initialized, skipping
Refreshing native plugins compatible for Editor in 2.03 ms, found 3 plugins.
Preloading 0 native plugins for Editor in 0.00 ms.
Unloading 3435 Unused Serialized files (Serialized files now loaded: 0)
Unloading 20 unused Assets / (80.5 KB). Loaded Objects now: 3985.
Memory consumption went from 137.8 MB to 137.7 MB.
Total: 3.154600 ms (FindLiveObjects: 0.225400 ms CreateObjectMapping: 0.145100 ms MarkObjects: 2.691600 ms  DeleteObjects: 0.091300 ms)

AssetImportParameters requested are different than current active one (requested -> active):
  custom:video-decoder-ogg-theora: a1e56fd34408186e4bbccfd4996cb3dc -> 
  custom:container-muxer-webm: aa71ff27fc2769a1b78a27578f13a17b -> 
  custom:container-demuxer-webm: 4f35f7cbe854078d1ac9338744f61a02 -> 
  custom:video-encoder-webm-vp8: eb34c28f22e8b96e1ab97ce403110664 -> 
  custom:audio-encoder-webm-vorbis: bf7c407c2cedff20999df2af8eb42d56 -> 
  custom:framework-win-MediaFoundation: 216162199b28c13a410421893ffa2e32 -> 
  custom:container-demuxer-ogg: 62fdf1f143b41e24485cea50d1cbac27 -> 
  custom:video-decoder-webm-vp8: 9c59270c3fd7afecdb556c50c9e8de78 -> 
  custom:audio-decoder-ogg-vorbis: bf7c407c2cedff20999df2af8eb42d56 -> 
========================================================================
Received Prepare
Registering precompiled user dll's ...
Registered in 0.005575 seconds.
Begin MonoManager ReloadAssembly
Symbol file LoadedFromMemory doesn't match image C:\Users\lbola\Desktop\Project_Museum\Project Museum\Library\PackageCache\com.unity.visualscripting@1.7.8\Editor\VisualScripting.Core\Dependencies\YamlDotNet\Unity.VisualScripting.YamlDotNet.dll
Symbol file LoadedFromMemory doesn't match image C:\Users\lbola\Desktop\Project_Museum\Project Museum\Library\PackageCache\com.unity.visualscripting@1.7.8\Editor\VisualScripting.Core\Dependencies\DotNetZip\Unity.VisualScripting.IonicZip.dll
Native extension for WindowsStandalone target not found
Refreshing native plugins compatible for Editor in 0.72 ms, found 3 plugins.
Preloading 0 native plugins for Editor in 0.00 ms.
Mono: successfully reloaded assembly
- Completed reload, in  0.916 seconds
Domain Reload Profiling:
	ReloadAssembly (917ms)
		BeginReloadAssembly (121ms)
			ExecutionOrderSort (0ms)
			DisableScriptedObjects (5ms)
			BackupInstance (0ms)
			ReleaseScriptingObjects (0ms)
			CreateAndSetChildDomain (31ms)
		EndReloadAssembly (708ms)
			LoadAssemblies (74ms)
			RebuildTransferFunctionScriptingTraits (0ms)
			SetupTypeCache (224ms)
			ReleaseScriptCaches (1ms)
			RebuildScriptCaches (37ms)
			SetupLoadedEditorAssemblies (332ms)
				LogAssemblyErrors (0ms)
				InitializePlatformSupportModulesInManaged (13ms)
				SetLoadedEditorAssemblies (1ms)
				RefreshPlugins (1ms)
				BeforeProcessingInitializeOnLoad (69ms)
				ProcessInitializeOnLoadAttributes (209ms)
				ProcessInitializeOnLoadMethodAttributes (31ms)
				AfterProcessingInitializeOnLoad (9ms)
				EditorAssembliesLoaded (0ms)
			ExecutionOrderSort2 (0ms)
			AwakeInstancesAfterBackupRestoration (6ms)
Platform modules already initialized, skipping
Refreshing native plugins compatible for Editor in 2.33 ms, found 3 plugins.
Preloading 0 native plugins for Editor in 0.00 ms.
Unloading 3435 Unused Serialized files (Serialized files now loaded: 0)
Unloading 20 unused Assets / (80.6 KB). Loaded Objects now: 3988.
Memory consumption went from 137.8 MB to 137.7 MB.
Total: 3.374800 ms (FindLiveObjects: 0.268800 ms CreateObjectMapping: 0.209500 ms MarkObjects: 2.781100 ms  DeleteObjects: 0.114000 ms)

AssetImportParameters requested are different than current active one (requested -> active):
  custom:video-decoder-ogg-theora: a1e56fd34408186e4bbccfd4996cb3dc -> 
  custom:container-muxer-webm: aa71ff27fc2769a1b78a27578f13a17b -> 
  custom:container-demuxer-webm: 4f35f7cbe854078d1ac9338744f61a02 -> 
  custom:video-encoder-webm-vp8: eb34c28f22e8b96e1ab97ce403110664 -> 
  custom:audio-encoder-webm-vorbis: bf7c407c2cedff20999df2af8eb42d56 -> 
  custom:framework-win-MediaFoundation: 216162199b28c13a410421893ffa2e32 -> 
  custom:container-demuxer-ogg: 62fdf1f143b41e24485cea50d1cbac27 -> 
  custom:video-decoder-webm-vp8: 9c59270c3fd7afecdb556c50c9e8de78 -> 
  custom:audio-decoder-ogg-vorbis: bf7c407c2cedff20999df2af8eb42d56 -> 
========================================================================
Received Import Request.
  Time since last request: 179.446319 seconds.
  path: Assets/Museum/Building
  artifactKey: Guid(0d3283fc420efa44397d59588ed5ccc7) Importer(815301076,1909f56bfc062723c751e8b465ee728b)
Start importing Assets/Museum/Building using Guid(0d3283fc420efa44397d59588ed5ccc7) Importer(815301076,1909f56bfc062723c751e8b465ee728b)  -> (artifact id: '85a5fde026d8d06056ca4b2e600437c9') in 0.020712 seconds 
========================================================================
Received Import Request.
  Time since last request: 0.446103 seconds.
  path: Assets/Museum/Room 1
  artifactKey: Guid(bf65af7164db2354a9497bc0f71e20a0) Importer(815301076,1909f56bfc062723c751e8b465ee728b)
Start importing Assets/Museum/Room 1 using Guid(bf65af7164db2354a9497bc0f71e20a0) Importer(815301076,1909f56bfc062723c751e8b465ee728b)  -> (artifact id: '89c7cb39ad3ed9fbbb9b942978f14736') in 0.001956 seconds 
========================================================================
Received Import Request.
  Time since last request: 0.577550 seconds.
  path: Assets/Museum/Room 1/SM_Prop_Shelf_05.fbx
  artifactKey: Guid(e8fc8d7154df56e46b42847ab88b524b) Importer(815301076,1909f56bfc062723c751e8b465ee728b)
Start importing Assets/Museum/Room 1/SM_Prop_Shelf_05.fbx using Guid(e8fc8d7154df56e46b42847ab88b524b) Importer(815301076,1909f56bfc062723c751e8b465ee728b)  -> (artifact id: '364b4327ce03aff02bc1353669b2a5fa') in 0.089236 seconds 
========================================================================
Received Import Request.
  Time since last request: 31.477234 seconds.
  path: Assets/Jigsaw/source/Puzzle Pieces.fbx
  artifactKey: Guid(7f1683bd7a15b2b4d8363c407cb6c434) Importer(815301076,1909f56bfc062723c751e8b465ee728b)
Start importing Assets/Jigsaw/source/Puzzle Pieces.fbx using Guid(7f1683bd7a15b2b4d8363c407cb6c434) Importer(815301076,1909f56bfc062723c751e8b465ee728b)  -> (artifact id: 'f794a708a93dc2dfd23df44bc931ef10') in 0.082710 seconds 
========================================================================
Received Import Request.
  Time since last request: 0.000021 seconds.
  path: Assets/Museum/Building/SM_Bld_Wall_Brick_01.fbx
  artifactKey: Guid(5c9ed6b8829749c4fa20cee694cd0c53) Importer(815301076,1909f56bfc062723c751e8b465ee728b)
Start importing Assets/Museum/Building/SM_Bld_Wall_Brick_01.fbx using Guid(5c9ed6b8829749c4fa20cee694cd0c53) Importer(815301076,1909f56bfc062723c751e8b465ee728b)  -> (artifact id: '4233fd671c87f09078d4cd4c7f15f8c3') in 0.022860 seconds 
========================================================================
Received Import Request.
  Time since last request: 0.000026 seconds.
  path: Assets/Museum/Building/SM_Bld_Wall_Glass_01.fbx
  artifactKey: Guid(04f68fec8bbe6e648b5051c4ccf5a7d7) Importer(815301076,1909f56bfc062723c751e8b465ee728b)
Start importing Assets/Museum/Building/SM_Bld_Wall_Glass_01.fbx using Guid(04f68fec8bbe6e648b5051c4ccf5a7d7) Importer(815301076,1909f56bfc062723c751e8b465ee728b)  -> (artifact id: 'd6eeebbec4ab6c7d405e333a84361b56') in 0.039801 seconds 
========================================================================
Received Import Request.
  Time since last request: 0.000017 seconds.
  path: Assets/Museum/Building/SM_Bld_Wall_Baseboard_Door_Large_01.fbx
  artifactKey: Guid(6d974a146ffbfce4ba90d57d680b6701) Importer(815301076,1909f56bfc062723c751e8b465ee728b)
Start importing Assets/Museum/Building/SM_Bld_Wall_Baseboard_Door_Large_01.fbx using Guid(6d974a146ffbfce4ba90d57d680b6701) Importer(815301076,1909f56bfc062723c751e8b465ee728b)  -> (artifact id: 'cd93dcf1f1278695ba00d0a9e949df1c') in 0.036968 seconds 
========================================================================
Received Import Request.
  Time since last request: 0.000019 seconds.
  path: Assets/Museum/Building/SM_Bld_Wall_Brick_Door_Large_01.fbx
  artifactKey: Guid(02e5ac7b438717541af73ccbb8334b9a) Importer(815301076,1909f56bfc062723c751e8b465ee728b)
Start importing Assets/Museum/Building/SM_Bld_Wall_Brick_Door_Large_01.fbx using Guid(02e5ac7b438717541af73ccbb8334b9a) Importer(815301076,1909f56bfc062723c751e8b465ee728b)  -> (artifact id: '1cd5e9c77b4bd9ff3d01463d8f4246c7') in 0.037694 seconds 
========================================================================
Received Import Request.
  Time since last request: 0.000023 seconds.
  path: Assets/Museum/Building/SM_Bld_Door_Large_01_L.fbx
  artifactKey: Guid(59f03d6f24401c2419eee37c51928aad) Importer(815301076,1909f56bfc062723c751e8b465ee728b)
Start importing Assets/Museum/Building/SM_Bld_Door_Large_01_L.fbx using Guid(59f03d6f24401c2419eee37c51928aad) Importer(815301076,1909f56bfc062723c751e8b465ee728b)  -> (artifact id: '89581407bca941ddaa97aae8a5b2dc4f') in 0.039903 seconds 
========================================================================
Received Import Request.
  Time since last request: 0.432060 seconds.
  path: Assets/Safe/Safe_BEST.fbx
  artifactKey: Guid(40397d63b4480d84985063cc5edcf149) Importer(815301076,1909f56bfc062723c751e8b465ee728b)
Start importing Assets/Safe/Safe_BEST.fbx using Guid(40397d63b4480d84985063cc5edcf149) Importer(815301076,1909f56bfc062723c751e8b465ee728b)  -> (artifact id: '9820af714d31d89ab0aee3daec6ba850') in 0.038930 seconds 
========================================================================
Received Import Request.
  Time since last request: 0.000025 seconds.
  path: Assets/Materials/try/Misc/PolygonOffice_Chrome_Material_01.mat
  artifactKey: Guid(8b616001269ae5546b54cc080086ae52) Importer(815301076,1909f56bfc062723c751e8b465ee728b)
Start importing Assets/Materials/try/Misc/PolygonOffice_Chrome_Material_01.mat using Guid(8b616001269ae5546b54cc080086ae52) Importer(815301076,1909f56bfc062723c751e8b465ee728b)  -> (artifact id: '1c39b03baa265cc6ac5ef4f45ef75105') in 0.025321 seconds 
========================================================================
Received Import Request.
  Time since last request: 0.000045 seconds.
  path: Assets/Materials/try/PolygonOffice_Material_01_A.mat
  artifactKey: Guid(2f834016e53f12c42a12baecd4450e34) Importer(815301076,1909f56bfc062723c751e8b465ee728b)
Start importing Assets/Materials/try/PolygonOffice_Material_01_A.mat using Guid(2f834016e53f12c42a12baecd4450e34) Importer(815301076,1909f56bfc062723c751e8b465ee728b)  -> (artifact id: '277f79f4e8f00beae8f9776b7e8b4454') in 0.035205 seconds 
========================================================================
Received Import Request.
  Time since last request: 0.197430 seconds.
  path: Assets/Materials/try/Alts/PolygonOffice_Material_01_C.mat
  artifactKey: Guid(1581b0a86eef5824a887f7866fd56d9d) Importer(815301076,1909f56bfc062723c751e8b465ee728b)
Start importing Assets/Materials/try/Alts/PolygonOffice_Material_01_C.mat using Guid(1581b0a86eef5824a887f7866fd56d9d) Importer(815301076,1909f56bfc062723c751e8b465ee728b)  -> (artifact id: 'fe7f2d0c6a279b51c1e3c1f451712066') in 0.035450 seconds 
========================================================================
Received Import Request.
  Time since last request: 0.000024 seconds.
  path: Assets/Materials/try/Alts/PolygonOffice_Material_02_C.mat
  artifactKey: Guid(b18548dd95545704eaf869f611fff3b0) Importer(815301076,1909f56bfc062723c751e8b465ee728b)
Start importing Assets/Materials/try/Alts/PolygonOffice_Material_02_C.mat using Guid(b18548dd95545704eaf869f611fff3b0) Importer(815301076,1909f56bfc062723c751e8b465ee728b)  -> (artifact id: 'b7daed2ade2042798b055dbe6da176af') in 0.031581 seconds 
========================================================================
Received Import Request.
  Time since last request: 0.000017 seconds.
  path: Assets/Materials/try/Alts/PolygonOffice_Material_03_B.mat
  artifactKey: Guid(ace3c81b24532dd468f508743d5bd418) Importer(815301076,1909f56bfc062723c751e8b465ee728b)
Start importing Assets/Materials/try/Alts/PolygonOffice_Material_03_B.mat using Guid(ace3c81b24532dd468f508743d5bd418) Importer(815301076,1909f56bfc062723c751e8b465ee728b)  -> (artifact id: '399de48eef8af1084e1a93e2d4e51dcf') in 0.026556 seconds 
========================================================================
Received Import Request.
  Time since last request: 0.000019 seconds.
  path: Assets/Materials/try/PolygonOffice_Material_04_A.mat
  artifactKey: Guid(6d08a61443859d747a9ec3b1d1b5116f) Importer(815301076,1909f56bfc062723c751e8b465ee728b)
Start importing Assets/Materials/try/PolygonOffice_Material_04_A.mat using Guid(6d08a61443859d747a9ec3b1d1b5116f) Importer(815301076,1909f56bfc062723c751e8b465ee728b)  -> (artifact id: '02c309f7c20e4f4a2577a027579d7710') in 0.021417 seconds 
========================================================================
Received Import Request.
  Time since last request: 2.517718 seconds.
  path: Assets/Materials/try/Alts/PolygonOffice_Material_04_B.mat
  artifactKey: Guid(f8b187aafc911124eaef8339b32b0edb) Importer(815301076,1909f56bfc062723c751e8b465ee728b)
Start importing Assets/Materials/try/Alts/PolygonOffice_Material_04_B.mat using Guid(f8b187aafc911124eaef8339b32b0edb) Importer(815301076,1909f56bfc062723c751e8b465ee728b)  -> (artifact id: '2ed123467a9fde46ab327839a3a2ba07') in 0.021984 seconds 
========================================================================
Received Import Request.
  Time since last request: 0.000018 seconds.
  path: Assets/Materials/try/Misc/PolygonOffice_Material_Net_01.mat
  artifactKey: Guid(e9c01e0146e035c469c8e04c17516854) Importer(815301076,1909f56bfc062723c751e8b465ee728b)
Start importing Assets/Materials/try/Misc/PolygonOffice_Material_Net_01.mat using Guid(e9c01e0146e035c469c8e04c17516854) Importer(815301076,1909f56bfc062723c751e8b465ee728b)  -> (artifact id: '2032f7153f014729d36836ae9f7a0ac7') in 0.037529 seconds 
========================================================================
Received Import Request.
  Time since last request: 0.000019 seconds.
  path: Assets/Materials/try/Misc/PolygonOffice_Material_Fishtank_Glass.mat
  artifactKey: Guid(fd0e2dcb610e08d4f87debb24c717e36) Importer(815301076,1909f56bfc062723c751e8b465ee728b)
Start importing Assets/Materials/try/Misc/PolygonOffice_Material_Fishtank_Glass.mat using Guid(fd0e2dcb610e08d4f87debb24c717e36) Importer(815301076,1909f56bfc062723c751e8b465ee728b)  -> (artifact id: '17b319f4736ed231e83d618d2f980b61') in 0.021070 seconds 
========================================================================
Received Import Request.
  Time since last request: 0.000018 seconds.
  path: Assets/Materials/try/Misc/PolygonOffice_Material_Screen_01.mat
  artifactKey: Guid(b2fc9034565b6084bb8519fb97146c01) Importer(815301076,1909f56bfc062723c751e8b465ee728b)
Start importing Assets/Materials/try/Misc/PolygonOffice_Material_Screen_01.mat using Guid(b2fc9034565b6084bb8519fb97146c01) Importer(815301076,1909f56bfc062723c751e8b465ee728b)  -> (artifact id: '75ccf0d019625c26f7a28f8d2a22b63e') in 0.021115 seconds 
========================================================================
Received Import Request.
  Time since last request: 4.282586 seconds.
  path: Assets/Materials/try/Misc/PolygonOffice_Material_Screen_04.mat
  artifactKey: Guid(0189fe64ce77284408163a57470f42ae) Importer(815301076,1909f56bfc062723c751e8b465ee728b)
Start importing Assets/Materials/try/Misc/PolygonOffice_Material_Screen_04.mat using Guid(0189fe64ce77284408163a57470f42ae) Importer(815301076,1909f56bfc062723c751e8b465ee728b)  -> (artifact id: '0832c1b7c1bd58a4539cfcdd7443d022') in 0.022474 seconds 
========================================================================
Received Import Request.
  Time since last request: 351.960158 seconds.
  path: Assets/Museum/Room 1/SM_Prop_Book_Group_03.fbx
  artifactKey: Guid(ced398b107273db49a4db23ead6863c2) Importer(815301076,1909f56bfc062723c751e8b465ee728b)
Start importing Assets/Museum/Room 1/SM_Prop_Book_Group_03.fbx using Guid(ced398b107273db49a4db23ead6863c2) Importer(815301076,1909f56bfc062723c751e8b465ee728b)  -> (artifact id: 'a22ebcc5b24272cd52fb46fe363af64d') in 0.024643 seconds 
========================================================================
Received Import Request.
  Time since last request: 151.081557 seconds.
  path: Assets/Museum/Room 1/SM_Prop_Book_Group_01.fbx
  artifactKey: Guid(494bb561921631d4897e05a5830ad719) Importer(815301076,1909f56bfc062723c751e8b465ee728b)
Start importing Assets/Museum/Room 1/SM_Prop_Book_Group_01.fbx using Guid(494bb561921631d4897e05a5830ad719) Importer(815301076,1909f56bfc062723c751e8b465ee728b)  -> (artifact id: '13a296389be2ccb1ffa77c3e4d73da4e') in 0.027632 seconds 
========================================================================
Received Import Request.
  Time since last request: 5.033613 seconds.
  path: Assets/Museum/Room 1/SM_Prop_Book_Group_02.fbx
  artifactKey: Guid(f61b0e9e27cd24a4ba17b79b1657dced) Importer(815301076,1909f56bfc062723c751e8b465ee728b)
Start importing Assets/Museum/Room 1/SM_Prop_Book_Group_02.fbx using Guid(f61b0e9e27cd24a4ba17b79b1657dced) Importer(815301076,1909f56bfc062723c751e8b465ee728b)  -> (artifact id: '49d4eb1e44fd5209e5fc567cd2d45055') in 0.025116 seconds 
========================================================================
Received Import Request.
  Time since last request: 12.155088 seconds.
  path: Assets/Museum/Room 1/SM_Prop_Book_Group_04.fbx
  artifactKey: Guid(611cb225f3b98184696c2e99d81c6069) Importer(815301076,1909f56bfc062723c751e8b465ee728b)
Start importing Assets/Museum/Room 1/SM_Prop_Book_Group_04.fbx using Guid(611cb225f3b98184696c2e99d81c6069) Importer(815301076,1909f56bfc062723c751e8b465ee728b)  -> (artifact id: '12adc870056788474aed0d1b39b08fc4') in 0.049166 seconds 
========================================================================
Received Import Request.
  Time since last request: 0.000020 seconds.
  path: Assets/Museum/Room 1/SM_Prop_Book_Group_06.fbx
  artifactKey: Guid(4fbb0cf568717e84bb2861ab9fbe3cba) Importer(815301076,1909f56bfc062723c751e8b465ee728b)
Start importing Assets/Museum/Room 1/SM_Prop_Book_Group_06.fbx using Guid(4fbb0cf568717e84bb2861ab9fbe3cba) Importer(815301076,1909f56bfc062723c751e8b465ee728b)  -> (artifact id: '60b803526c3919add2df02043f928897') in 0.022833 seconds 
========================================================================
Received Import Request.
  Time since last request: 0.141454 seconds.
  path: Assets/Museum/Room 1/SM_Prop_Book_Group_07.fbx
  artifactKey: Guid(6757780fad77f7a4db99e6c6bf2b6da3) Importer(815301076,1909f56bfc062723c751e8b465ee728b)
Start importing Assets/Museum/Room 1/SM_Prop_Book_Group_07.fbx using Guid(6757780fad77f7a4db99e6c6bf2b6da3) Importer(815301076,1909f56bfc062723c751e8b465ee728b)  -> (artifact id: '4f17b58cff3f88a44f82ba924c468be0') in 0.023069 seconds 
========================================================================
Received Import Request.
  Time since last request: 455.978394 seconds.
  path: Assets/Museum/Room 1/SM_Prop_Plant_01.fbx
  artifactKey: Guid(866e2be2eb670b24aa6bc1fd2f292a7b) Importer(815301076,1909f56bfc062723c751e8b465ee728b)
Start importing Assets/Museum/Room 1/SM_Prop_Plant_01.fbx using Guid(866e2be2eb670b24aa6bc1fd2f292a7b) Importer(815301076,1909f56bfc062723c751e8b465ee728b)  -> (artifact id: '4293ab169dfcd4f5dbc5a851e40fee9b') in 0.032476 seconds 
========================================================================
Received Import Request.
  Time since last request: 1.764846 seconds.
  path: Assets/Museum/Room 1/SM_Prop_Plant_02.fbx
  artifactKey: Guid(ea4543ac5a631c64782e5b7f7f91cc23) Importer(815301076,1909f56bfc062723c751e8b465ee728b)
Start importing Assets/Museum/Room 1/SM_Prop_Plant_02.fbx using Guid(ea4543ac5a631c64782e5b7f7f91cc23) Importer(815301076,1909f56bfc062723c751e8b465ee728b)  -> (artifact id: '8ad46892287afe5d6bca8400f8806cc6') in 0.021073 seconds 
========================================================================
Received Import Request.
  Time since last request: 0.887888 seconds.
  path: Assets/Museum/Room 1/SM_Prop_Plant_04.fbx
  artifactKey: Guid(86cb3c96c3009684cbbaaa23713549bc) Importer(815301076,1909f56bfc062723c751e8b465ee728b)
Start importing Assets/Museum/Room 1/SM_Prop_Plant_04.fbx using Guid(86cb3c96c3009684cbbaaa23713549bc) Importer(815301076,1909f56bfc062723c751e8b465ee728b)  -> (artifact id: 'f8b3d8f6a09f3965a7b45b736ce01858') in 0.031893 seconds 
========================================================================
Received Import Request.
  Time since last request: 0.827684 seconds.
  path: Assets/Museum/Room 1/SM_Prop_Plant_03.fbx
  artifactKey: Guid(672da57ef7046864098c3440d3861b95) Importer(815301076,1909f56bfc062723c751e8b465ee728b)
Start importing Assets/Museum/Room 1/SM_Prop_Plant_03.fbx using Guid(672da57ef7046864098c3440d3861b95) Importer(815301076,1909f56bfc062723c751e8b465ee728b)  -> (artifact id: '8a161c8a25b0e210e1928a0db8d0289e') in 0.023490 seconds 
========================================================================
Received Import Request.
  Time since last request: 1.192642 seconds.
  path: Assets/Museum/Room 1/SM_Prop_Plant_06.fbx
  artifactKey: Guid(cbfeec796e5123340b20c494d2504204) Importer(815301076,1909f56bfc062723c751e8b465ee728b)
Start importing Assets/Museum/Room 1/SM_Prop_Plant_06.fbx using Guid(cbfeec796e5123340b20c494d2504204) Importer(815301076,1909f56bfc062723c751e8b465ee728b)  -> (artifact id: 'ae2783a595e311c7bee49420b626e409') in 0.021303 seconds 
========================================================================
Received Import Request.
  Time since last request: 1.263806 seconds.
  path: Assets/Museum/Room 1/SM_Prop_Plant_07.fbx
  artifactKey: Guid(9cef92f2d415f2845b18996e38dc5cc1) Importer(815301076,1909f56bfc062723c751e8b465ee728b)
Start importing Assets/Museum/Room 1/SM_Prop_Plant_07.fbx using Guid(9cef92f2d415f2845b18996e38dc5cc1) Importer(815301076,1909f56bfc062723c751e8b465ee728b)  -> (artifact id: '9d796c04a91530f09c8d8285922bd606') in 0.029631 seconds 
========================================================================
Received Import Request.
  Time since last request: 2.027865 seconds.
  path: Assets/Museum/Room 1/SM_Prop_Plant_08.fbx
  artifactKey: Guid(c2648231edab77b4f9b6c4f51c82cb20) Importer(815301076,1909f56bfc062723c751e8b465ee728b)
Start importing Assets/Museum/Room 1/SM_Prop_Plant_08.fbx using Guid(c2648231edab77b4f9b6c4f51c82cb20) Importer(815301076,1909f56bfc062723c751e8b465ee728b)  -> (artifact id: 'c4b4e9737e5997430356af720d4520cc') in 0.024179 seconds 
========================================================================
Received Import Request.
  Time since last request: 0.624310 seconds.
  path: Assets/Museum/Room 1/SM_Prop_Plant_09.fbx
  artifactKey: Guid(f5fbd277eb302ec4ababcc83a70aa0ef) Importer(815301076,1909f56bfc062723c751e8b465ee728b)
Start importing Assets/Museum/Room 1/SM_Prop_Plant_09.fbx using Guid(f5fbd277eb302ec4ababcc83a70aa0ef) Importer(815301076,1909f56bfc062723c751e8b465ee728b)  -> (artifact id: '004d95077a223ae0f18580a091a2d7d9') in 0.021577 seconds 
========================================================================
Received Import Request.
  Time since last request: 8.326638 seconds.
  path: Assets/Museum/Room 1/SM_Prop_Plant_12.fbx
  artifactKey: Guid(89ece3b32463d574784866d38215c9e8) Importer(815301076,1909f56bfc062723c751e8b465ee728b)
Start importing Assets/Museum/Room 1/SM_Prop_Plant_12.fbx using Guid(89ece3b32463d574784866d38215c9e8) Importer(815301076,1909f56bfc062723c751e8b465ee728b)  -> (artifact id: '9a6007bbc68f047ff76f0b516ba17aab') in 0.124733 seconds 
========================================================================
Received Import Request.
  Time since last request: 0.577323 seconds.
  path: Assets/Museum/Room 1/SM_Prop_Plant_Flowers_02.fbx
  artifactKey: Guid(1f6a4ff87851a60488e353234869e766) Importer(815301076,1909f56bfc062723c751e8b465ee728b)
Start importing Assets/Museum/Room 1/SM_Prop_Plant_Flowers_02.fbx using Guid(1f6a4ff87851a60488e353234869e766) Importer(815301076,1909f56bfc062723c751e8b465ee728b)  -> (artifact id: 'd9d183b8bba0795ff824e50c3d18bcd2') in 0.028478 seconds 
========================================================================
Received Prepare
Registering precompiled user dll's ...
Registered in 0.005303 seconds.
Begin MonoManager ReloadAssembly
Symbol file LoadedFromMemory doesn't match image C:\Users\lbola\Desktop\Project_Museum\Project Museum\Library\PackageCache\com.unity.visualscripting@1.7.8\Editor\VisualScripting.Core\Dependencies\YamlDotNet\Unity.VisualScripting.YamlDotNet.dll
Symbol file LoadedFromMemory doesn't match image C:\Users\lbola\Desktop\Project_Museum\Project Museum\Library\PackageCache\com.unity.visualscripting@1.7.8\Editor\VisualScripting.Core\Dependencies\DotNetZip\Unity.VisualScripting.IonicZip.dll
Native extension for WindowsStandalone target not found
Refreshing native plugins compatible for Editor in 0.72 ms, found 3 plugins.
Preloading 0 native plugins for Editor in 0.00 ms.
Mono: successfully reloaded assembly
- Completed reload, in  0.927 seconds
Domain Reload Profiling:
	ReloadAssembly (928ms)
		BeginReloadAssembly (125ms)
			ExecutionOrderSort (0ms)
			DisableScriptedObjects (4ms)
			BackupInstance (0ms)
			ReleaseScriptingObjects (0ms)
			CreateAndSetChildDomain (39ms)
		EndReloadAssembly (718ms)
			LoadAssemblies (72ms)
			RebuildTransferFunctionScriptingTraits (0ms)
			SetupTypeCache (224ms)
			ReleaseScriptCaches (1ms)
			RebuildScriptCaches (40ms)
			SetupLoadedEditorAssemblies (335ms)
				LogAssemblyErrors (0ms)
				InitializePlatformSupportModulesInManaged (13ms)
				SetLoadedEditorAssemblies (1ms)
				RefreshPlugins (1ms)
				BeforeProcessingInitializeOnLoad (71ms)
				ProcessInitializeOnLoadAttributes (213ms)
				ProcessInitializeOnLoadMethodAttributes (29ms)
				AfterProcessingInitializeOnLoad (9ms)
				EditorAssembliesLoaded (0ms)
			ExecutionOrderSort2 (0ms)
			AwakeInstancesAfterBackupRestoration (6ms)
Platform modules already initialized, skipping
Refreshing native plugins compatible for Editor in 2.11 ms, found 3 plugins.
Preloading 0 native plugins for Editor in 0.00 ms.
Unloading 3435 Unused Serialized files (Serialized files now loaded: 0)
Unloading 20 unused Assets / (80.5 KB). Loaded Objects now: 3992.
Memory consumption went from 138.0 MB to 137.9 MB.
Total: 3.550000 ms (FindLiveObjects: 0.239800 ms CreateObjectMapping: 0.234000 ms MarkObjects: 2.962800 ms  DeleteObjects: 0.112300 ms)

AssetImportParameters requested are different than current active one (requested -> active):
  custom:video-decoder-ogg-theora: a1e56fd34408186e4bbccfd4996cb3dc -> 
  custom:container-muxer-webm: aa71ff27fc2769a1b78a27578f13a17b -> 
  custom:container-demuxer-webm: 4f35f7cbe854078d1ac9338744f61a02 -> 
  custom:video-encoder-webm-vp8: eb34c28f22e8b96e1ab97ce403110664 -> 
  custom:audio-encoder-webm-vorbis: bf7c407c2cedff20999df2af8eb42d56 -> 
  custom:framework-win-MediaFoundation: 216162199b28c13a410421893ffa2e32 -> 
  custom:container-demuxer-ogg: 62fdf1f143b41e24485cea50d1cbac27 -> 
  custom:video-decoder-webm-vp8: 9c59270c3fd7afecdb556c50c9e8de78 -> 
  custom:audio-decoder-ogg-vorbis: bf7c407c2cedff20999df2af8eb42d56 -> 
========================================================================
Received Import Request.
  Time since last request: 283.300903 seconds.
  path: Assets/Museum/Room 1/SM_Prop_Shelf_01.fbx
  artifactKey: Guid(2e749cbe1973a854281db4a8440b3947) Importer(815301076,1909f56bfc062723c751e8b465ee728b)
Start importing Assets/Museum/Room 1/SM_Prop_Shelf_01.fbx using Guid(2e749cbe1973a854281db4a8440b3947) Importer(815301076,1909f56bfc062723c751e8b465ee728b)  -> (artifact id: '0ceec287ebd77982ca8339256de629df') in 0.091732 seconds 
========================================================================
Received Prepare
Registering precompiled user dll's ...
Registered in 0.005381 seconds.
Begin MonoManager ReloadAssembly
Symbol file LoadedFromMemory doesn't match image C:\Users\lbola\Desktop\Project_Museum\Project Museum\Library\PackageCache\com.unity.visualscripting@1.7.8\Editor\VisualScripting.Core\Dependencies\YamlDotNet\Unity.VisualScripting.YamlDotNet.dll
Symbol file LoadedFromMemory doesn't match image C:\Users\lbola\Desktop\Project_Museum\Project Museum\Library\PackageCache\com.unity.visualscripting@1.7.8\Editor\VisualScripting.Core\Dependencies\DotNetZip\Unity.VisualScripting.IonicZip.dll
Native extension for WindowsStandalone target not found
Refreshing native plugins compatible for Editor in 0.94 ms, found 3 plugins.
Preloading 0 native plugins for Editor in 0.00 ms.
Mono: successfully reloaded assembly
- Completed reload, in  0.903 seconds
Domain Reload Profiling:
	ReloadAssembly (904ms)
		BeginReloadAssembly (116ms)
			ExecutionOrderSort (0ms)
			DisableScriptedObjects (3ms)
			BackupInstance (0ms)
			ReleaseScriptingObjects (0ms)
			CreateAndSetChildDomain (34ms)
		EndReloadAssembly (703ms)
			LoadAssemblies (71ms)
			RebuildTransferFunctionScriptingTraits (0ms)
			SetupTypeCache (223ms)
			ReleaseScriptCaches (1ms)
			RebuildScriptCaches (38ms)
			SetupLoadedEditorAssemblies (326ms)
				LogAssemblyErrors (0ms)
				InitializePlatformSupportModulesInManaged (12ms)
				SetLoadedEditorAssemblies (0ms)
				RefreshPlugins (1ms)
				BeforeProcessingInitializeOnLoad (68ms)
				ProcessInitializeOnLoadAttributes (205ms)
				ProcessInitializeOnLoadMethodAttributes (29ms)
				AfterProcessingInitializeOnLoad (10ms)
				EditorAssembliesLoaded (0ms)
			ExecutionOrderSort2 (0ms)
			AwakeInstancesAfterBackupRestoration (6ms)
Platform modules already initialized, skipping
Refreshing native plugins compatible for Editor in 2.92 ms, found 3 plugins.
Preloading 0 native plugins for Editor in 0.00 ms.
Unloading 3435 Unused Serialized files (Serialized files now loaded: 0)
Unloading 20 unused Assets / (80.7 KB). Loaded Objects now: 3995.
Memory consumption went from 138.0 MB to 137.9 MB.
Total: 3.317100 ms (FindLiveObjects: 0.244400 ms CreateObjectMapping: 0.159300 ms MarkObjects: 2.721700 ms  DeleteObjects: 0.190800 ms)

AssetImportParameters requested are different than current active one (requested -> active):
  custom:video-decoder-ogg-theora: a1e56fd34408186e4bbccfd4996cb3dc -> 
  custom:container-muxer-webm: aa71ff27fc2769a1b78a27578f13a17b -> 
  custom:container-demuxer-webm: 4f35f7cbe854078d1ac9338744f61a02 -> 
  custom:video-encoder-webm-vp8: eb34c28f22e8b96e1ab97ce403110664 -> 
  custom:audio-encoder-webm-vorbis: bf7c407c2cedff20999df2af8eb42d56 -> 
  custom:framework-win-MediaFoundation: 216162199b28c13a410421893ffa2e32 -> 
  custom:container-demuxer-ogg: 62fdf1f143b41e24485cea50d1cbac27 -> 
  custom:video-decoder-webm-vp8: 9c59270c3fd7afecdb556c50c9e8de78 -> 
  custom:audio-decoder-ogg-vorbis: bf7c407c2cedff20999df2af8eb42d56 -> 
========================================================================
Received Import Request.
  Time since last request: 46.894377 seconds.
  path: Assets/Museum/Room 1/SM_Prop_Shelf_06.fbx
  artifactKey: Guid(f9b3eee2269c9a04d8f1a6c9a42c7a0d) Importer(815301076,1909f56bfc062723c751e8b465ee728b)
Start importing Assets/Museum/Room 1/SM_Prop_Shelf_06.fbx using Guid(f9b3eee2269c9a04d8f1a6c9a42c7a0d) Importer(815301076,1909f56bfc062723c751e8b465ee728b)  -> (artifact id: '2ef02b7106cc1ea00ba137e2c6195a94') in 0.100704 seconds 
========================================================================
Received Import Request.
  Time since last request: 0.624522 seconds.
  path: Assets/Museum/Room 1/SM_Prop_Shelf_Wall_03.fbx
  artifactKey: Guid(09581347d8e9d9b40ab5c93071e0888d) Importer(815301076,1909f56bfc062723c751e8b465ee728b)
Start importing Assets/Museum/Room 1/SM_Prop_Shelf_Wall_03.fbx using Guid(09581347d8e9d9b40ab5c93071e0888d) Importer(815301076,1909f56bfc062723c751e8b465ee728b)  -> (artifact id: '9b1ca40a8ae4f15d4bacfb98f4e7ba86') in 0.028410 seconds 
========================================================================
Received Import Request.
  Time since last request: 40.746568 seconds.
  path: Assets/Materials/Texture pack
  artifactKey: Guid(f736ff1b7d8cb534dacb13309b101ce5) Importer(815301076,1909f56bfc062723c751e8b465ee728b)
Start importing Assets/Materials/Texture pack using Guid(f736ff1b7d8cb534dacb13309b101ce5) Importer(815301076,1909f56bfc062723c751e8b465ee728b)  -> (artifact id: '444387e355696b3d580db2f1140b322f') in 0.009388 seconds 
========================================================================
Received Import Request.
  Time since last request: 109.690960 seconds.
  path: Assets/Materials/Extra Textures
  artifactKey: Guid(a8be6c49c0c1f2547b7f0afaf442b1cc) Importer(815301076,1909f56bfc062723c751e8b465ee728b)
Start importing Assets/Materials/Extra Textures using Guid(a8be6c49c0c1f2547b7f0afaf442b1cc) Importer(815301076,1909f56bfc062723c751e8b465ee728b)  -> (artifact id: '91a2ddd528ea46b3e7f51dbfa8646667') in 0.008081 seconds 
========================================================================
Received Prepare
Registering precompiled user dll's ...
Registered in 0.005148 seconds.
Begin MonoManager ReloadAssembly
Symbol file LoadedFromMemory doesn't match image C:\Users\lbola\Desktop\Project_Museum\Project Museum\Library\PackageCache\com.unity.visualscripting@1.7.8\Editor\VisualScripting.Core\Dependencies\YamlDotNet\Unity.VisualScripting.YamlDotNet.dll
Symbol file LoadedFromMemory doesn't match image C:\Users\lbola\Desktop\Project_Museum\Project Museum\Library\PackageCache\com.unity.visualscripting@1.7.8\Editor\VisualScripting.Core\Dependencies\DotNetZip\Unity.VisualScripting.IonicZip.dll
Native extension for WindowsStandalone target not found
Refreshing native plugins compatible for Editor in 0.73 ms, found 3 plugins.
Preloading 0 native plugins for Editor in 0.00 ms.
Mono: successfully reloaded assembly
- Completed reload, in  0.926 seconds
Domain Reload Profiling:
	ReloadAssembly (927ms)
		BeginReloadAssembly (122ms)
			ExecutionOrderSort (0ms)
			DisableScriptedObjects (4ms)
			BackupInstance (0ms)
			ReleaseScriptingObjects (0ms)
			CreateAndSetChildDomain (36ms)
		EndReloadAssembly (713ms)
			LoadAssemblies (71ms)
			RebuildTransferFunctionScriptingTraits (0ms)
			SetupTypeCache (229ms)
			ReleaseScriptCaches (1ms)
			RebuildScriptCaches (38ms)
			SetupLoadedEditorAssemblies (329ms)
				LogAssemblyErrors (0ms)
				InitializePlatformSupportModulesInManaged (13ms)
				SetLoadedEditorAssemblies (0ms)
				RefreshPlugins (1ms)
				BeforeProcessingInitializeOnLoad (71ms)
				ProcessInitializeOnLoadAttributes (206ms)
				ProcessInitializeOnLoadMethodAttributes (28ms)
				AfterProcessingInitializeOnLoad (10ms)
				EditorAssembliesLoaded (0ms)
			ExecutionOrderSort2 (0ms)
			AwakeInstancesAfterBackupRestoration (6ms)
Platform modules already initialized, skipping
Refreshing native plugins compatible for Editor in 2.20 ms, found 3 plugins.
Preloading 0 native plugins for Editor in 0.00 ms.
Unloading 3435 Unused Serialized files (Serialized files now loaded: 0)
Unloading 20 unused Assets / (80.6 KB). Loaded Objects now: 3998.
Memory consumption went from 138.0 MB to 137.9 MB.
Total: 3.914400 ms (FindLiveObjects: 0.437700 ms CreateObjectMapping: 0.286400 ms MarkObjects: 3.090000 ms  DeleteObjects: 0.099400 ms)

AssetImportParameters requested are different than current active one (requested -> active):
  custom:video-decoder-ogg-theora: a1e56fd34408186e4bbccfd4996cb3dc -> 
  custom:container-muxer-webm: aa71ff27fc2769a1b78a27578f13a17b -> 
  custom:container-demuxer-webm: 4f35f7cbe854078d1ac9338744f61a02 -> 
  custom:video-encoder-webm-vp8: eb34c28f22e8b96e1ab97ce403110664 -> 
  custom:audio-encoder-webm-vorbis: bf7c407c2cedff20999df2af8eb42d56 -> 
  custom:framework-win-MediaFoundation: 216162199b28c13a410421893ffa2e32 -> 
  custom:container-demuxer-ogg: 62fdf1f143b41e24485cea50d1cbac27 -> 
  custom:video-decoder-webm-vp8: 9c59270c3fd7afecdb556c50c9e8de78 -> 
  custom:audio-decoder-ogg-vorbis: bf7c407c2cedff20999df2af8eb42d56 -> 
========================================================================
Received Import Request.
  Time since last request: 271.165659 seconds.
  path: Assets/Museum/Room 1/SM_Prop_DeskToy_NewtownsCradle_01.fbx
  artifactKey: Guid(346794098ac8c1742a3ee2f1fb47ec4d) Importer(815301076,1909f56bfc062723c751e8b465ee728b)
Start importing Assets/Museum/Room 1/SM_Prop_DeskToy_NewtownsCradle_01.fbx using Guid(346794098ac8c1742a3ee2f1fb47ec4d) Importer(815301076,1909f56bfc062723c751e8b465ee728b)  -> (artifact id: 'f9d303dc41f09483f7b97e4756f16c42') in 0.129546 seconds 
========================================================================
Received Import Request.
  Time since last request: 7.448261 seconds.
  path: Assets/Museum/Room 1/SM_Prop_PuzzleCube_01.fbx
  artifactKey: Guid(b8e55c9addfc9cc4e9c22759f7a25cb0) Importer(815301076,1909f56bfc062723c751e8b465ee728b)
Start importing Assets/Museum/Room 1/SM_Prop_PuzzleCube_01.fbx using Guid(b8e55c9addfc9cc4e9c22759f7a25cb0) Importer(815301076,1909f56bfc062723c751e8b465ee728b)  -> (artifact id: 'a0330c251d8354d2e4de3318abcef0a2') in 0.021833 seconds 
========================================================================
Received Import Request.
  Time since last request: 32.506870 seconds.
  path: Assets/Museum/Room 1/desktop.ini
  artifactKey: Guid(e17bde284431fcc4cbaf8626a3190a4d) Importer(815301076,1909f56bfc062723c751e8b465ee728b)
Start importing Assets/Museum/Room 1/desktop.ini using Guid(e17bde284431fcc4cbaf8626a3190a4d) Importer(815301076,1909f56bfc062723c751e8b465ee728b)  -> (artifact id: '2ad311bb79cc8d63b750d943fc43944b') in 0.010914 seconds 
