Using pre-set license
Built from '2021.3/staging' branch; Version is '2021.3.11f1 (0a5ca18544bf) revision 679073'; Using compiler version '192829333'; Build Type 'Release'
OS: 'Windows 10  (10.0.19044) 64bit Professional' Language: 'en' Physical Memory: 32679 MB
BatchMode: 1, IsHumanControllingUs: 0, StartBugReporterOnCrash: 0, Is64bit: 1, IsPro: 1

COMMAND LINE ARGUMENTS:
C:\Program Files\Unity\Hub\Editor\2021.3.11f1\Editor\Unity.exe
-adb2
-batchMode
-noUpm
-name
AssetImportWorker1
-projectPath
C:/Mestrado/1_Ano/2_Semestre/Project_Museum/Project Museum
-logFile
Logs/AssetImportWorker1.log
-srvPort
52380
Successfully changed project path to: C:/Mestrado/1_Ano/2_Semestre/Project_Museum/Project Museum
C:/Mestrado/1_Ano/2_Semestre/Project_Museum/Project Museum
[UnityMemory] Configuration Parameters - Can be set up in boot.config
    "memorysetup-bucket-allocator-granularity=16"
    "memorysetup-bucket-allocator-bucket-count=8"
    "memorysetup-bucket-allocator-block-size=33554432"
    "memorysetup-bucket-allocator-block-count=8"
    "memorysetup-main-allocator-block-size=16777216"
    "memorysetup-thread-allocator-block-size=16777216"
    "memorysetup-gfx-main-allocator-block-size=16777216"
    "memorysetup-gfx-thread-allocator-block-size=16777216"
    "memorysetup-cache-allocator-block-size=4194304"
    "memorysetup-typetree-allocator-block-size=2097152"
    "memorysetup-profiler-bucket-allocator-granularity=16"
    "memorysetup-profiler-bucket-allocator-bucket-count=8"
    "memorysetup-profiler-bucket-allocator-block-size=33554432"
    "memorysetup-profiler-bucket-allocator-block-count=8"
    "memorysetup-profiler-allocator-block-size=16777216"
    "memorysetup-profiler-editor-allocator-block-size=1048576"
    "memorysetup-temp-allocator-size-main=16777216"
    "memorysetup-job-temp-allocator-block-size=2097152"
    "memorysetup-job-temp-allocator-block-size-background=1048576"
    "memorysetup-job-temp-allocator-reduction-small-platforms=262144"
    "memorysetup-temp-allocator-size-background-worker=32768"
    "memorysetup-temp-allocator-size-job-worker=262144"
    "memorysetup-temp-allocator-size-preload-manager=33554432"
    "memorysetup-temp-allocator-size-nav-mesh-worker=65536"
    "memorysetup-temp-allocator-size-audio-worker=65536"
    "memorysetup-temp-allocator-size-cloud-worker=32768"
    "memorysetup-temp-allocator-size-gi-baking-worker=262144"
    "memorysetup-temp-allocator-size-gfx=262144"
Refreshing native plugins compatible for Editor in 86.35 ms, found 3 plugins.
Preloading 0 native plugins for Editor in 0.00 ms.
Initialize engine version: 2021.3.11f1 (0a5ca18544bf)
[Subsystems] Discovering subsystems at path C:/Program Files/Unity/Hub/Editor/2021.3.11f1/Editor/Data/Resources/UnitySubsystems
[Subsystems] Discovering subsystems at path C:/Mestrado/1_Ano/2_Semestre/Project_Museum/Project Museum/Assets
GfxDevice: creating device client; threaded=0; jobified=0
Direct3D:
    Version:  Direct3D 11.0 [level 11.1]
    Renderer: NVIDIA GeForce GTX 1070 (ID=0x1b81)
    Vendor:   NVIDIA
    VRAM:     8081 MB
    Driver:   31.0.15.3179
Initialize mono
Mono path[0] = 'C:/Program Files/Unity/Hub/Editor/2021.3.11f1/Editor/Data/Managed'
Mono path[1] = 'C:/Program Files/Unity/Hub/Editor/2021.3.11f1/Editor/Data/MonoBleedingEdge/lib/mono/unityjit-win32'
Mono config path = 'C:/Program Files/Unity/Hub/Editor/2021.3.11f1/Editor/Data/MonoBleedingEdge/etc'
Using monoOptions --debugger-agent=transport=dt_socket,embedding=1,server=y,suspend=n,address=127.0.0.1:56280
Begin MonoManager ReloadAssembly
Registering precompiled unity dll's ...
Register platform support module: C:/Program Files/Unity/Hub/Editor/2021.3.11f1/Editor/Data/PlaybackEngines/WebGLSupport/UnityEditor.WebGL.Extensions.dll
Register platform support module: C:/Program Files/Unity/Hub/Editor/2021.3.11f1/Editor/Data/PlaybackEngines/WindowsStandaloneSupport/UnityEditor.WindowsStandalone.Extensions.dll
Registered in 0.007790 seconds.
Native extension for WindowsStandalone target not found
Native extension for WebGL target not found
Refreshing native plugins compatible for Editor in 73.90 ms, found 3 plugins.
Preloading 0 native plugins for Editor in 0.00 ms.
Mono: successfully reloaded assembly
- Completed reload, in  0.564 seconds
Domain Reload Profiling:
	ReloadAssembly (564ms)
		BeginReloadAssembly (64ms)
			ExecutionOrderSort (0ms)
			DisableScriptedObjects (0ms)
			BackupInstance (0ms)
			ReleaseScriptingObjects (0ms)
			CreateAndSetChildDomain (1ms)
		EndReloadAssembly (402ms)
			LoadAssemblies (62ms)
			RebuildTransferFunctionScriptingTraits (0ms)
			SetupTypeCache (91ms)
			ReleaseScriptCaches (0ms)
			RebuildScriptCaches (25ms)
			SetupLoadedEditorAssemblies (243ms)
				LogAssemblyErrors (0ms)
				InitializePlatformSupportModulesInManaged (8ms)
				SetLoadedEditorAssemblies (0ms)
				RefreshPlugins (74ms)
				BeforeProcessingInitializeOnLoad (1ms)
				ProcessInitializeOnLoadAttributes (120ms)
				ProcessInitializeOnLoadMethodAttributes (39ms)
				AfterProcessingInitializeOnLoad (0ms)
				EditorAssembliesLoaded (0ms)
			ExecutionOrderSort2 (0ms)
			AwakeInstancesAfterBackupRestoration (0ms)
Platform modules already initialized, skipping
Registering precompiled user dll's ...
Registered in 0.006129 seconds.
Begin MonoManager ReloadAssembly
Symbol file LoadedFromMemory doesn't match image C:\Mestrado\1_Ano\2_Semestre\Project_Museum\Project Museum\Library\PackageCache\com.unity.visualscripting@1.7.8\Editor\VisualScripting.Core\Dependencies\YamlDotNet\Unity.VisualScripting.YamlDotNet.dll
Symbol file LoadedFromMemory doesn't match image C:\Mestrado\1_Ano\2_Semestre\Project_Museum\Project Museum\Library\PackageCache\com.unity.visualscripting@1.7.8\Editor\VisualScripting.Core\Dependencies\DotNetZip\Unity.VisualScripting.IonicZip.dll
Native extension for WindowsStandalone target not found
Native extension for WebGL target not found
Refreshing native plugins compatible for Editor in 0.55 ms, found 3 plugins.
Preloading 0 native plugins for Editor in 0.00 ms.
Mono: successfully reloaded assembly
- Completed reload, in  0.916 seconds
Domain Reload Profiling:
	ReloadAssembly (917ms)
		BeginReloadAssembly (106ms)
			ExecutionOrderSort (0ms)
			DisableScriptedObjects (5ms)
			BackupInstance (0ms)
			ReleaseScriptingObjects (0ms)
			CreateAndSetChildDomain (16ms)
		EndReloadAssembly (708ms)
			LoadAssemblies (70ms)
			RebuildTransferFunctionScriptingTraits (0ms)
			SetupTypeCache (226ms)
			ReleaseScriptCaches (1ms)
			RebuildScriptCaches (45ms)
			SetupLoadedEditorAssemblies (330ms)
				LogAssemblyErrors (0ms)
				InitializePlatformSupportModulesInManaged (6ms)
				SetLoadedEditorAssemblies (0ms)
				RefreshPlugins (1ms)
				BeforeProcessingInitializeOnLoad (80ms)
				ProcessInitializeOnLoadAttributes (210ms)
				ProcessInitializeOnLoadMethodAttributes (24ms)
				AfterProcessingInitializeOnLoad (8ms)
				EditorAssembliesLoaded (0ms)
			ExecutionOrderSort2 (0ms)
			AwakeInstancesAfterBackupRestoration (5ms)
Platform modules already initialized, skipping
========================================================================
Worker process is ready to serve import requests
Launched and connected shader compiler UnityShaderCompiler.exe after 0.03 seconds
Refreshing native plugins compatible for Editor in 0.65 ms, found 3 plugins.
Preloading 0 native plugins for Editor in 0.00 ms.
Unloading 3472 Unused Serialized files (Serialized files now loaded: 0)
Unloading 26 unused Assets / (87.7 KB). Loaded Objects now: 3951.
Memory consumption went from 137.3 MB to 137.2 MB.
Total: 2.767900 ms (FindLiveObjects: 0.279200 ms CreateObjectMapping: 0.271600 ms MarkObjects: 2.126400 ms  DeleteObjects: 0.089500 ms)

AssetImportParameters requested are different than current active one (requested -> active):
  custom:video-decoder-ogg-theora: a1e56fd34408186e4bbccfd4996cb3dc -> 
  custom:container-muxer-webm: aa71ff27fc2769a1b78a27578f13a17b -> 
  custom:container-demuxer-webm: 4f35f7cbe854078d1ac9338744f61a02 -> 
  custom:video-encoder-webm-vp8: eb34c28f22e8b96e1ab97ce403110664 -> 
  custom:audio-encoder-webm-vorbis: bf7c407c2cedff20999df2af8eb42d56 -> 
  custom:framework-win-MediaFoundation: 216162199b28c13a410421893ffa2e32 -> 
  custom:container-demuxer-ogg: 62fdf1f143b41e24485cea50d1cbac27 -> 
  custom:video-decoder-webm-vp8: 9c59270c3fd7afecdb556c50c9e8de78 -> 
  custom:audio-decoder-ogg-vorbis: bf7c407c2cedff20999df2af8eb42d56 -> 
========================================================================
Received Import Request.
  Time since last request: 1854007.230593 seconds.
  path: Assets/Puzzles/Jigsaw/Puzzle.jpg
  artifactKey: Guid(8b8fd5ad3fc085342a8818b3b9cb0857) Importer(815301076,1909f56bfc062723c751e8b465ee728b)
Start importing Assets/Puzzles/Jigsaw/Puzzle.jpg using Guid(8b8fd5ad3fc085342a8818b3b9cb0857) Importer(815301076,1909f56bfc062723c751e8b465ee728b)  -> (artifact id: '11840129ab316a2ae80956024bae96a1') in 0.175161 seconds 
========================================================================
Received Import Request.
  Time since last request: 0.000018 seconds.
  path: Assets/Puzzles/Jigsaw/Table.png
  artifactKey: Guid(49218e6bd3bca6847986015e408d6f16) Importer(815301076,1909f56bfc062723c751e8b465ee728b)
Start importing Assets/Puzzles/Jigsaw/Table.png using Guid(49218e6bd3bca6847986015e408d6f16) Importer(815301076,1909f56bfc062723c751e8b465ee728b)  -> (artifact id: 'adeb3f432237d2a11cc2429474c6e3a4') in 0.241760 seconds 
========================================================================
Received Prepare
Registering precompiled user dll's ...
Registered in 0.006897 seconds.
Begin MonoManager ReloadAssembly
Symbol file LoadedFromMemory doesn't match image C:\Mestrado\1_Ano\2_Semestre\Project_Museum\Project Museum\Library\PackageCache\com.unity.visualscripting@1.7.8\Editor\VisualScripting.Core\Dependencies\YamlDotNet\Unity.VisualScripting.YamlDotNet.dll
Symbol file LoadedFromMemory doesn't match image C:\Mestrado\1_Ano\2_Semestre\Project_Museum\Project Museum\Library\PackageCache\com.unity.visualscripting@1.7.8\Editor\VisualScripting.Core\Dependencies\DotNetZip\Unity.VisualScripting.IonicZip.dll
Native extension for WindowsStandalone target not found
Native extension for WebGL target not found
Refreshing native plugins compatible for Editor in 0.71 ms, found 3 plugins.
Preloading 0 native plugins for Editor in 0.00 ms.
Mono: successfully reloaded assembly
- Completed reload, in  0.947 seconds
Domain Reload Profiling:
	ReloadAssembly (948ms)
		BeginReloadAssembly (131ms)
			ExecutionOrderSort (0ms)
			DisableScriptedObjects (5ms)
			BackupInstance (0ms)
			ReleaseScriptingObjects (0ms)
			CreateAndSetChildDomain (39ms)
		EndReloadAssembly (730ms)
			LoadAssemblies (81ms)
			RebuildTransferFunctionScriptingTraits (0ms)
			SetupTypeCache (249ms)
			ReleaseScriptCaches (1ms)
			RebuildScriptCaches (41ms)
			SetupLoadedEditorAssemblies (320ms)
				LogAssemblyErrors (0ms)
				InitializePlatformSupportModulesInManaged (14ms)
				SetLoadedEditorAssemblies (0ms)
				RefreshPlugins (1ms)
				BeforeProcessingInitializeOnLoad (67ms)
				ProcessInitializeOnLoadAttributes (201ms)
				ProcessInitializeOnLoadMethodAttributes (28ms)
				AfterProcessingInitializeOnLoad (9ms)
				EditorAssembliesLoaded (0ms)
			ExecutionOrderSort2 (0ms)
			AwakeInstancesAfterBackupRestoration (6ms)
Platform modules already initialized, skipping
Refreshing native plugins compatible for Editor in 2.17 ms, found 3 plugins.
Preloading 0 native plugins for Editor in 0.00 ms.
Unloading 3454 Unused Serialized files (Serialized files now loaded: 0)
Unloading 20 unused Assets / (80.2 KB). Loaded Objects now: 3964.
Memory consumption went from 140.3 MB to 140.2 MB.
Total: 2.815300 ms (FindLiveObjects: 0.276100 ms CreateObjectMapping: 0.341100 ms MarkObjects: 2.109000 ms  DeleteObjects: 0.088200 ms)

AssetImportParameters requested are different than current active one (requested -> active):
  custom:video-decoder-ogg-theora: a1e56fd34408186e4bbccfd4996cb3dc -> 
  custom:container-muxer-webm: aa71ff27fc2769a1b78a27578f13a17b -> 
  custom:container-demuxer-webm: 4f35f7cbe854078d1ac9338744f61a02 -> 
  custom:video-encoder-webm-vp8: eb34c28f22e8b96e1ab97ce403110664 -> 
  custom:audio-encoder-webm-vorbis: bf7c407c2cedff20999df2af8eb42d56 -> 
  custom:framework-win-MediaFoundation: 216162199b28c13a410421893ffa2e32 -> 
  custom:container-demuxer-ogg: 62fdf1f143b41e24485cea50d1cbac27 -> 
  custom:video-decoder-webm-vp8: 9c59270c3fd7afecdb556c50c9e8de78 -> 
  custom:audio-decoder-ogg-vorbis: bf7c407c2cedff20999df2af8eb42d56 -> 
========================================================================
Received Prepare
Registering precompiled user dll's ...
Registered in 0.006879 seconds.
Begin MonoManager ReloadAssembly
Symbol file LoadedFromMemory doesn't match image C:\Mestrado\1_Ano\2_Semestre\Project_Museum\Project Museum\Library\PackageCache\com.unity.visualscripting@1.7.8\Editor\VisualScripting.Core\Dependencies\YamlDotNet\Unity.VisualScripting.YamlDotNet.dll
Symbol file LoadedFromMemory doesn't match image C:\Mestrado\1_Ano\2_Semestre\Project_Museum\Project Museum\Library\PackageCache\com.unity.visualscripting@1.7.8\Editor\VisualScripting.Core\Dependencies\DotNetZip\Unity.VisualScripting.IonicZip.dll
Native extension for WindowsStandalone target not found
Native extension for WebGL target not found
Refreshing native plugins compatible for Editor in 0.88 ms, found 3 plugins.
Preloading 0 native plugins for Editor in 0.00 ms.
Mono: successfully reloaded assembly
- Completed reload, in  0.964 seconds
Domain Reload Profiling:
	ReloadAssembly (964ms)
		BeginReloadAssembly (123ms)
			ExecutionOrderSort (0ms)
			DisableScriptedObjects (5ms)
			BackupInstance (0ms)
			ReleaseScriptingObjects (0ms)
			CreateAndSetChildDomain (30ms)
		EndReloadAssembly (753ms)
			LoadAssemblies (79ms)
			RebuildTransferFunctionScriptingTraits (0ms)
			SetupTypeCache (250ms)
			ReleaseScriptCaches (1ms)
			RebuildScriptCaches (39ms)
			SetupLoadedEditorAssemblies (346ms)
				LogAssemblyErrors (0ms)
				InitializePlatformSupportModulesInManaged (15ms)
				SetLoadedEditorAssemblies (1ms)
				RefreshPlugins (1ms)
				BeforeProcessingInitializeOnLoad (79ms)
				ProcessInitializeOnLoadAttributes (213ms)
				ProcessInitializeOnLoadMethodAttributes (29ms)
				AfterProcessingInitializeOnLoad (9ms)
				EditorAssembliesLoaded (0ms)
			ExecutionOrderSort2 (0ms)
			AwakeInstancesAfterBackupRestoration (6ms)
Platform modules already initialized, skipping
Refreshing native plugins compatible for Editor in 1.95 ms, found 3 plugins.
Preloading 0 native plugins for Editor in 0.00 ms.
Unloading 3454 Unused Serialized files (Serialized files now loaded: 0)
Unloading 20 unused Assets / (80.4 KB). Loaded Objects now: 3967.
Memory consumption went from 140.3 MB to 140.2 MB.
Total: 2.665600 ms (FindLiveObjects: 0.293800 ms CreateObjectMapping: 0.197400 ms MarkObjects: 2.085600 ms  DeleteObjects: 0.087700 ms)

AssetImportParameters requested are different than current active one (requested -> active):
  custom:video-decoder-ogg-theora: a1e56fd34408186e4bbccfd4996cb3dc -> 
  custom:container-muxer-webm: aa71ff27fc2769a1b78a27578f13a17b -> 
  custom:container-demuxer-webm: 4f35f7cbe854078d1ac9338744f61a02 -> 
  custom:video-encoder-webm-vp8: eb34c28f22e8b96e1ab97ce403110664 -> 
  custom:audio-encoder-webm-vorbis: bf7c407c2cedff20999df2af8eb42d56 -> 
  custom:framework-win-MediaFoundation: 216162199b28c13a410421893ffa2e32 -> 
  custom:container-demuxer-ogg: 62fdf1f143b41e24485cea50d1cbac27 -> 
  custom:video-decoder-webm-vp8: 9c59270c3fd7afecdb556c50c9e8de78 -> 
  custom:audio-decoder-ogg-vorbis: bf7c407c2cedff20999df2af8eb42d56 -> 
========================================================================
Received Prepare
Registering precompiled user dll's ...
Registered in 0.005366 seconds.
Begin MonoManager ReloadAssembly
Symbol file LoadedFromMemory doesn't match image C:\Mestrado\1_Ano\2_Semestre\Project_Museum\Project Museum\Library\PackageCache\com.unity.visualscripting@1.7.8\Editor\VisualScripting.Core\Dependencies\YamlDotNet\Unity.VisualScripting.YamlDotNet.dll
Symbol file LoadedFromMemory doesn't match image C:\Mestrado\1_Ano\2_Semestre\Project_Museum\Project Museum\Library\PackageCache\com.unity.visualscripting@1.7.8\Editor\VisualScripting.Core\Dependencies\DotNetZip\Unity.VisualScripting.IonicZip.dll
Native extension for WindowsStandalone target not found
Native extension for WebGL target not found
Refreshing native plugins compatible for Editor in 0.75 ms, found 3 plugins.
Preloading 0 native plugins for Editor in 0.00 ms.
Mono: successfully reloaded assembly
- Completed reload, in  0.995 seconds
Domain Reload Profiling:
	ReloadAssembly (995ms)
		BeginReloadAssembly (127ms)
			ExecutionOrderSort (0ms)
			DisableScriptedObjects (5ms)
			BackupInstance (0ms)
			ReleaseScriptingObjects (0ms)
			CreateAndSetChildDomain (33ms)
		EndReloadAssembly (779ms)
			LoadAssemblies (80ms)
			RebuildTransferFunctionScriptingTraits (0ms)
			SetupTypeCache (262ms)
			ReleaseScriptCaches (1ms)
			RebuildScriptCaches (39ms)
			SetupLoadedEditorAssemblies (359ms)
				LogAssemblyErrors (0ms)
				InitializePlatformSupportModulesInManaged (14ms)
				SetLoadedEditorAssemblies (0ms)
				RefreshPlugins (1ms)
				BeforeProcessingInitializeOnLoad (67ms)
				ProcessInitializeOnLoadAttributes (242ms)
				ProcessInitializeOnLoadMethodAttributes (27ms)
				AfterProcessingInitializeOnLoad (9ms)
				EditorAssembliesLoaded (0ms)
			ExecutionOrderSort2 (0ms)
			AwakeInstancesAfterBackupRestoration (6ms)
Platform modules already initialized, skipping
Refreshing native plugins compatible for Editor in 2.04 ms, found 3 plugins.
Preloading 0 native plugins for Editor in 0.00 ms.
Unloading 3454 Unused Serialized files (Serialized files now loaded: 0)
Unloading 20 unused Assets / (80.4 KB). Loaded Objects now: 3970.
Memory consumption went from 140.3 MB to 140.2 MB.
Total: 3.085600 ms (FindLiveObjects: 0.373900 ms CreateObjectMapping: 0.346000 ms MarkObjects: 2.273900 ms  DeleteObjects: 0.090700 ms)

AssetImportParameters requested are different than current active one (requested -> active):
  custom:video-decoder-ogg-theora: a1e56fd34408186e4bbccfd4996cb3dc -> 
  custom:container-muxer-webm: aa71ff27fc2769a1b78a27578f13a17b -> 
  custom:container-demuxer-webm: 4f35f7cbe854078d1ac9338744f61a02 -> 
  custom:video-encoder-webm-vp8: eb34c28f22e8b96e1ab97ce403110664 -> 
  custom:audio-encoder-webm-vorbis: bf7c407c2cedff20999df2af8eb42d56 -> 
  custom:framework-win-MediaFoundation: 216162199b28c13a410421893ffa2e32 -> 
  custom:container-demuxer-ogg: 62fdf1f143b41e24485cea50d1cbac27 -> 
  custom:video-decoder-webm-vp8: 9c59270c3fd7afecdb556c50c9e8de78 -> 
  custom:audio-decoder-ogg-vorbis: bf7c407c2cedff20999df2af8eb42d56 -> 
========================================================================
Received Import Request.
  Time since last request: 489.115578 seconds.
  path: Assets/Prefabs/Room Objects/Table_Small.fbx
  artifactKey: Guid(9c4806fb316c08a4fa090c3cde9b8a6a) Importer(815301076,1909f56bfc062723c751e8b465ee728b)
Start importing Assets/Prefabs/Room Objects/Table_Small.fbx using Guid(9c4806fb316c08a4fa090c3cde9b8a6a) Importer(815301076,1909f56bfc062723c751e8b465ee728b)  -> (artifact id: '84186ed42305c09f88688e8188b7d92e') in 0.120328 seconds 
========================================================================
Received Import Request.
  Time since last request: 0.000023 seconds.
  path: Assets/Prefabs/Building/Door_Wooden_Round_Right.fbx
  artifactKey: Guid(27ad1390cc7732b4fb8c09cb67bcd57d) Importer(815301076,1909f56bfc062723c751e8b465ee728b)
Start importing Assets/Prefabs/Building/Door_Wooden_Round_Right.fbx using Guid(27ad1390cc7732b4fb8c09cb67bcd57d) Importer(815301076,1909f56bfc062723c751e8b465ee728b)  -> (artifact id: '89d8a69dc3b915a53ad3697a52c5e868') in 0.047392 seconds 
========================================================================
Received Import Request.
  Time since last request: 0.000030 seconds.
  path: Assets/Prefabs/Room Objects/Jug.fbx
  artifactKey: Guid(1210668e5d7d098468dd8d56de377504) Importer(815301076,1909f56bfc062723c751e8b465ee728b)
Start importing Assets/Prefabs/Room Objects/Jug.fbx using Guid(1210668e5d7d098468dd8d56de377504) Importer(815301076,1909f56bfc062723c751e8b465ee728b)  -> (artifact id: '7ec792e6abe813f7b4da65853f90d91d') in 0.026632 seconds 
========================================================================
Received Import Request.
  Time since last request: 0.790070 seconds.
  path: Assets/Prefabs/Room Objects/Spear.fbx
  artifactKey: Guid(ff2fc6523b9c17448b584c4c3bfb5774) Importer(815301076,1909f56bfc062723c751e8b465ee728b)
Start importing Assets/Prefabs/Room Objects/Spear.fbx using Guid(ff2fc6523b9c17448b584c4c3bfb5774) Importer(815301076,1909f56bfc062723c751e8b465ee728b)  -> (artifact id: '3273d207fa0f031d57d0238a66cd19ee') in 0.026867 seconds 
========================================================================
Received Import Request.
  Time since last request: 0.054564 seconds.
  path: Assets/Prefabs/Room Objects/WeaponRack_Small.fbx
  artifactKey: Guid(0aeb24878f391544a98c89b32a4a5155) Importer(815301076,1909f56bfc062723c751e8b465ee728b)
Start importing Assets/Prefabs/Room Objects/WeaponRack_Small.fbx using Guid(0aeb24878f391544a98c89b32a4a5155) Importer(815301076,1909f56bfc062723c751e8b465ee728b)  -> (artifact id: 'a625f6843a268281efe379dd66e281ab') in 0.020308 seconds 
========================================================================
Received Import Request.
  Time since last request: 0.000015 seconds.
  path: Assets/Materials/Material Pack 1/Wood_Basic.mat
  artifactKey: Guid(2cb987137b739894682ccea9106cd69b) Importer(815301076,1909f56bfc062723c751e8b465ee728b)
Start importing Assets/Materials/Material Pack 1/Wood_Basic.mat using Guid(2cb987137b739894682ccea9106cd69b) Importer(815301076,1909f56bfc062723c751e8b465ee728b)  -> (artifact id: '48869d9f66386b0ae5c2095538f47d56') in 0.014775 seconds 
========================================================================
Received Import Request.
  Time since last request: 0.060396 seconds.
  path: Assets/Prefabs/Room Objects/CoatHook_Full.fbx
  artifactKey: Guid(bfbc859e44ae8024a9460fe114bc7f31) Importer(815301076,1909f56bfc062723c751e8b465ee728b)
Start importing Assets/Prefabs/Room Objects/CoatHook_Full.fbx using Guid(bfbc859e44ae8024a9460fe114bc7f31) Importer(815301076,1909f56bfc062723c751e8b465ee728b)  -> (artifact id: 'c69aee99218a807432baaf09675ac8d2') in 0.030896 seconds 
========================================================================
Received Import Request.
  Time since last request: 0.368532 seconds.
  path: Assets/Materials/NotesMaterial/WishesWand.mat
  artifactKey: Guid(ed6a8611465a65c4db64e4b05b16c6f7) Importer(815301076,1909f56bfc062723c751e8b465ee728b)
Start importing Assets/Materials/NotesMaterial/WishesWand.mat using Guid(ed6a8611465a65c4db64e4b05b16c6f7) Importer(815301076,1909f56bfc062723c751e8b465ee728b)  -> (artifact id: '3d80ea371344ac14044a29c58accef60') in 0.012386 seconds 
========================================================================
Received Import Request.
  Time since last request: 0.000015 seconds.
  path: Assets/Prefabs/Building/Door_Wooden_Round_Left.fbx
  artifactKey: Guid(4ea9473b8bbd9904a9b01cee8c8913ee) Importer(815301076,1909f56bfc062723c751e8b465ee728b)
Start importing Assets/Prefabs/Building/Door_Wooden_Round_Left.fbx using Guid(4ea9473b8bbd9904a9b01cee8c8913ee) Importer(815301076,1909f56bfc062723c751e8b465ee728b)  -> (artifact id: '6ea42ced003252a93feb8666cf9b6f4f') in 0.028979 seconds 
========================================================================
Received Import Request.
  Time since last request: 0.014058 seconds.
  path: Assets/Prefabs/Room Objects/Chandelier.fbx
  artifactKey: Guid(78526a5b16750cb40ac404e73911c668) Importer(815301076,1909f56bfc062723c751e8b465ee728b)
Start importing Assets/Prefabs/Room Objects/Chandelier.fbx using Guid(78526a5b16750cb40ac404e73911c668) Importer(815301076,1909f56bfc062723c751e8b465ee728b)  -> (artifact id: '30cdcd73328f4de63bcc8fb09ee6b7b2') in 0.037571 seconds 
========================================================================
Received Import Request.
  Time since last request: 0.000023 seconds.
  path: Assets/Materials/Material Pack 1/Wax_Candle.mat
  artifactKey: Guid(608d5ffbcc8ba6d4da4dcc0224fef9ea) Importer(815301076,1909f56bfc062723c751e8b465ee728b)
Start importing Assets/Materials/Material Pack 1/Wax_Candle.mat using Guid(608d5ffbcc8ba6d4da4dcc0224fef9ea) Importer(815301076,1909f56bfc062723c751e8b465ee728b)  -> (artifact id: '34bf848cd0c24bac8b762b8af803f2d5') in 0.013103 seconds 
========================================================================
Received Import Request.
  Time since last request: 0.238680 seconds.
  path: Assets/Materials/Extra Textures/Wand.mat
  artifactKey: Guid(8953008fc55b3664ab26d246b4970b35) Importer(815301076,1909f56bfc062723c751e8b465ee728b)
Start importing Assets/Materials/Extra Textures/Wand.mat using Guid(8953008fc55b3664ab26d246b4970b35) Importer(815301076,1909f56bfc062723c751e8b465ee728b)  -> (artifact id: 'cad6c2ec48f8dace8259f18ed6b00780') in 0.017684 seconds 
========================================================================
Received Import Request.
  Time since last request: 0.000017 seconds.
  path: Assets/Prefabs/Building/Dungeon_Big_Passage.fbx
  artifactKey: Guid(d6263b3f2ec140348b7f79b81eab4a5a) Importer(815301076,1909f56bfc062723c751e8b465ee728b)
Start importing Assets/Prefabs/Building/Dungeon_Big_Passage.fbx using Guid(d6263b3f2ec140348b7f79b81eab4a5a) Importer(815301076,1909f56bfc062723c751e8b465ee728b)  -> (artifact id: 'd339e62a64c711fec6cf39132d0d6477') in 0.021804 seconds 
========================================================================
Received Import Request.
  Time since last request: 0.000017 seconds.
  path: Assets/Prefabs/Building/Dungeon_Wall_Var1.fbx
  artifactKey: Guid(7812efe8f361d5e4a9daf9027c5ab741) Importer(815301076,1909f56bfc062723c751e8b465ee728b)
Start importing Assets/Prefabs/Building/Dungeon_Wall_Var1.fbx using Guid(7812efe8f361d5e4a9daf9027c5ab741) Importer(815301076,1909f56bfc062723c751e8b465ee728b)  -> (artifact id: '1601fa3956545387125e6c1415414f57') in 0.023627 seconds 
========================================================================
Received Import Request.
  Time since last request: 0.000026 seconds.
  path: Assets/Materials/Material Pack 1/Stone_Wall.mat
  artifactKey: Guid(eaf560748e2d5d0449a30251bc3056be) Importer(815301076,1909f56bfc062723c751e8b465ee728b)
Start importing Assets/Materials/Material Pack 1/Stone_Wall.mat using Guid(eaf560748e2d5d0449a30251bc3056be) Importer(815301076,1909f56bfc062723c751e8b465ee728b)  -> (artifact id: 'e7c33f19d6c10aa59a3007b735726783') in 0.013839 seconds 
========================================================================
Received Import Request.
  Time since last request: 0.860946 seconds.
  path: Assets/Prefabs/Room Objects/SM_Prop_Computer_Setup_01.fbx
  artifactKey: Guid(abf6cd7f2e92a354ba157a1adb4fe56d) Importer(815301076,1909f56bfc062723c751e8b465ee728b)
Start importing Assets/Prefabs/Room Objects/SM_Prop_Computer_Setup_01.fbx using Guid(abf6cd7f2e92a354ba157a1adb4fe56d) Importer(815301076,1909f56bfc062723c751e8b465ee728b)  -> (artifact id: 'bc7aefa94f133e3d0d74707836c65691') in 0.027407 seconds 
========================================================================
Received Import Request.
  Time since last request: 0.005304 seconds.
  path: Assets/Materials/Extra Textures/Room 2 Grey Ceiling.mat
  artifactKey: Guid(b41425f353a551341bd2078dc509a90e) Importer(815301076,1909f56bfc062723c751e8b465ee728b)
Start importing Assets/Materials/Extra Textures/Room 2 Grey Ceiling.mat using Guid(b41425f353a551341bd2078dc509a90e) Importer(815301076,1909f56bfc062723c751e8b465ee728b)  -> (artifact id: 'f97b3016eaef64aa70bf523bbca10263') in 0.012813 seconds 
========================================================================
Received Import Request.
  Time since last request: 0.000018 seconds.
  path: Assets/Materials/NotesMaterial/Safe.mat
  artifactKey: Guid(d53a09fcdd65d944e90756ade4a592ea) Importer(815301076,1909f56bfc062723c751e8b465ee728b)
Start importing Assets/Materials/NotesMaterial/Safe.mat using Guid(d53a09fcdd65d944e90756ade4a592ea) Importer(815301076,1909f56bfc062723c751e8b465ee728b)  -> (artifact id: '5e240cf32736e0830a632ae423183c07') in 0.014518 seconds 
========================================================================
Received Import Request.
  Time since last request: 0.266605 seconds.
  path: Assets/Materials/NotesMaterial/Reception.mat
  artifactKey: Guid(95e1acfbb9754074bb3c8a2ce65c531f) Importer(815301076,1909f56bfc062723c751e8b465ee728b)
Start importing Assets/Materials/NotesMaterial/Reception.mat using Guid(95e1acfbb9754074bb3c8a2ce65c531f) Importer(815301076,1909f56bfc062723c751e8b465ee728b)  -> (artifact id: '80eb6166f39daa7f5a58fda0a8cff988') in 0.013437 seconds 
========================================================================
Received Import Request.
  Time since last request: 0.000020 seconds.
  path: Assets/Materials/Extra Textures/Red glass.mat
  artifactKey: Guid(c41b0541c4b54f74ba4e28f30211fa84) Importer(815301076,1909f56bfc062723c751e8b465ee728b)
Start importing Assets/Materials/Extra Textures/Red glass.mat using Guid(c41b0541c4b54f74ba4e28f30211fa84) Importer(815301076,1909f56bfc062723c751e8b465ee728b)  -> (artifact id: '14f39049494b6b49b6faf5d73b492c2f') in 0.016677 seconds 
========================================================================
Received Import Request.
  Time since last request: 0.020738 seconds.
  path: Assets/Prefabs/Room Objects/PP_Theme_06_Sword_Two-Handed_001.fbx
  artifactKey: Guid(a57aa13dc03a9f94c8b0a1d7258b121e) Importer(815301076,1909f56bfc062723c751e8b465ee728b)
Start importing Assets/Prefabs/Room Objects/PP_Theme_06_Sword_Two-Handed_001.fbx using Guid(a57aa13dc03a9f94c8b0a1d7258b121e) Importer(815301076,1909f56bfc062723c751e8b465ee728b)  -> (artifact id: '2320e957d325dc2b2efb095b31579bb1') in 0.021608 seconds 
========================================================================
Received Import Request.
  Time since last request: 0.000025 seconds.
  path: Assets/Prefabs/Room Objects/PP_Theme_04_Spellbook_003.fbx
  artifactKey: Guid(b663d11619aa78d4e8f44905dc0895e0) Importer(815301076,1909f56bfc062723c751e8b465ee728b)
Start importing Assets/Prefabs/Room Objects/PP_Theme_04_Spellbook_003.fbx using Guid(b663d11619aa78d4e8f44905dc0895e0) Importer(815301076,1909f56bfc062723c751e8b465ee728b)  -> (artifact id: '37645d5e4629baa460ac5db08c4c5fc4') in 0.023502 seconds 
========================================================================
Received Import Request.
  Time since last request: 0.220302 seconds.
  path: Assets/Materials/Material Pack 2/PP_Standard_Material.mat
  artifactKey: Guid(1ed5c689ba8eacc4c8e9d3b8ba968880) Importer(815301076,1909f56bfc062723c751e8b465ee728b)
Start importing Assets/Materials/Material Pack 2/PP_Standard_Material.mat using Guid(1ed5c689ba8eacc4c8e9d3b8ba968880) Importer(815301076,1909f56bfc062723c751e8b465ee728b)  -> (artifact id: '36751ed66cafa664dd3c032f447bd575') in 0.013327 seconds 
========================================================================
Received Import Request.
  Time since last request: 0.000021 seconds.
  path: Assets/Prefabs/Room Objects/PP_Theme_03_Hammer_001.fbx
  artifactKey: Guid(1302b569d97032248994f543e7c713bd) Importer(815301076,1909f56bfc062723c751e8b465ee728b)
Start importing Assets/Prefabs/Room Objects/PP_Theme_03_Hammer_001.fbx using Guid(1302b569d97032248994f543e7c713bd) Importer(815301076,1909f56bfc062723c751e8b465ee728b)  -> (artifact id: '8bc4be4e44ba2f3ecdd7cc2ac542051b') in 0.022772 seconds 
========================================================================
Received Import Request.
  Time since last request: 0.013070 seconds.
  path: Assets/Materials/Material Pack 1/Potion.mat
  artifactKey: Guid(d7afee8ecf148b041b622449663d7ef9) Importer(815301076,1909f56bfc062723c751e8b465ee728b)
Start importing Assets/Materials/Material Pack 1/Potion.mat using Guid(d7afee8ecf148b041b622449663d7ef9) Importer(815301076,1909f56bfc062723c751e8b465ee728b)  -> (artifact id: '9dbc2e99b4f862d939fb8f9c67761015') in 0.013951 seconds 
========================================================================
Received Import Request.
  Time since last request: 1.356103 seconds.
  path: Assets/Materials/Material Pack 1/Plants.mat
  artifactKey: Guid(5fabd768dbdf5c941a206f5afecaa38e) Importer(815301076,1909f56bfc062723c751e8b465ee728b)
Start importing Assets/Materials/Material Pack 1/Plants.mat using Guid(5fabd768dbdf5c941a206f5afecaa38e) Importer(815301076,1909f56bfc062723c751e8b465ee728b)  -> (artifact id: '28fa02b250101f294cff10ae3c053d57') in 0.013890 seconds 
========================================================================
Received Import Request.
  Time since last request: 0.000020 seconds.
  path: Assets/Prefabs/Room Objects/Scroll_Open.fbx
  artifactKey: Guid(5a1d7b8509deb5943b0f9a32c1b273b8) Importer(815301076,1909f56bfc062723c751e8b465ee728b)
Start importing Assets/Prefabs/Room Objects/Scroll_Open.fbx using Guid(5a1d7b8509deb5943b0f9a32c1b273b8) Importer(815301076,1909f56bfc062723c751e8b465ee728b)  -> (artifact id: '3a4b44565c07c200e963b6245000c55b') in 0.022196 seconds 
========================================================================
Received Import Request.
  Time since last request: 0.000022 seconds.
  path: Assets/Prefabs/Room Objects/Ivy_Branch.fbx
  artifactKey: Guid(fcb683de1a670414087a0f3fa9444b4f) Importer(815301076,1909f56bfc062723c751e8b465ee728b)
Start importing Assets/Prefabs/Room Objects/Ivy_Branch.fbx using Guid(fcb683de1a670414087a0f3fa9444b4f) Importer(815301076,1909f56bfc062723c751e8b465ee728b)  -> (artifact id: 'fb983951636e4a53f5d2406b28fd6829') in 0.023656 seconds 
========================================================================
Received Import Request.
  Time since last request: 0.000023 seconds.
  path: Assets/Prefabs/Room Objects/Quill.fbx
  artifactKey: Guid(181577c69c22c914fadb0b7ec4642fcb) Importer(815301076,1909f56bfc062723c751e8b465ee728b)
Start importing Assets/Prefabs/Room Objects/Quill.fbx using Guid(181577c69c22c914fadb0b7ec4642fcb) Importer(815301076,1909f56bfc062723c751e8b465ee728b)  -> (artifact id: 'a0190a167a4a64af654a93e6b72d791b') in 0.021523 seconds 
========================================================================
Received Import Request.
  Time since last request: 0.000023 seconds.
  path: Assets/Prefabs/Room Objects/Scroll_Big.fbx
  artifactKey: Guid(5769ad3770bc99f4394af338b0237196) Importer(815301076,1909f56bfc062723c751e8b465ee728b)
Start importing Assets/Prefabs/Room Objects/Scroll_Big.fbx using Guid(5769ad3770bc99f4394af338b0237196) Importer(815301076,1909f56bfc062723c751e8b465ee728b)  -> (artifact id: '2aaf749847ad6f46549707fb009246f2') in 0.022466 seconds 
========================================================================
Received Import Request.
  Time since last request: 1.480631 seconds.
  path: Assets/Materials/Grey.mat
  artifactKey: Guid(f14bd416e2bd62845bdd2772a61ea665) Importer(815301076,1909f56bfc062723c751e8b465ee728b)
Start importing Assets/Materials/Grey.mat using Guid(f14bd416e2bd62845bdd2772a61ea665) Importer(815301076,1909f56bfc062723c751e8b465ee728b)  -> (artifact id: '42a6e98f69855e4ace8aadabb26d2f2b') in 0.013512 seconds 
========================================================================
Received Import Request.
  Time since last request: 0.000026 seconds.
  path: Assets/Materials/Extra Textures/Grey materials.mat
  artifactKey: Guid(d5b7c956481d5834297bfd16bb7af908) Importer(815301076,1909f56bfc062723c751e8b465ee728b)
Start importing Assets/Materials/Extra Textures/Grey materials.mat using Guid(d5b7c956481d5834297bfd16bb7af908) Importer(815301076,1909f56bfc062723c751e8b465ee728b)  -> (artifact id: '66bda7eb8a3dd801ce6ed81a7a8c5b91') in 0.012655 seconds 
========================================================================
Received Import Request.
  Time since last request: 0.000020 seconds.
  path: Assets/Materials/Extra Textures/Grey materials 2.mat
  artifactKey: Guid(3ae095491804e7d4997e29ec355c7286) Importer(815301076,1909f56bfc062723c751e8b465ee728b)
Start importing Assets/Materials/Extra Textures/Grey materials 2.mat using Guid(3ae095491804e7d4997e29ec355c7286) Importer(815301076,1909f56bfc062723c751e8b465ee728b)  -> (artifact id: '2468e6674eeea975747fd6b8e7b4f423') in 0.013980 seconds 
========================================================================
Received Import Request.
  Time since last request: 0.000018 seconds.
  path: Assets/Materials/Extra Textures/Grey Yellow glass.mat
  artifactKey: Guid(e8fcbeb42caff9a469deec35ec204d33) Importer(815301076,1909f56bfc062723c751e8b465ee728b)
Start importing Assets/Materials/Extra Textures/Grey Yellow glass.mat using Guid(e8fcbeb42caff9a469deec35ec204d33) Importer(815301076,1909f56bfc062723c751e8b465ee728b)  -> (artifact id: '2e5559d4fecf8ea18cf9f0b68cbb77be') in 0.013556 seconds 
========================================================================
Received Import Request.
  Time since last request: 0.000017 seconds.
  path: Assets/Materials/Extra Textures/Grey Yellow.mat
  artifactKey: Guid(06f76927a2e6d404f8293edd57342236) Importer(815301076,1909f56bfc062723c751e8b465ee728b)
Start importing Assets/Materials/Extra Textures/Grey Yellow.mat using Guid(06f76927a2e6d404f8293edd57342236) Importer(815301076,1909f56bfc062723c751e8b465ee728b)  -> (artifact id: '3716399c97a59b147ba0a973b649a3bb') in 0.012371 seconds 
========================================================================
Received Import Request.
  Time since last request: 0.000020 seconds.
  path: Assets/Materials/Extra Textures/Grey glass.mat
  artifactKey: Guid(7b63b61cb8bb6c44996d2ccb09c69480) Importer(815301076,1909f56bfc062723c751e8b465ee728b)
Start importing Assets/Materials/Extra Textures/Grey glass.mat using Guid(7b63b61cb8bb6c44996d2ccb09c69480) Importer(815301076,1909f56bfc062723c751e8b465ee728b)  -> (artifact id: 'e2fcadb096967da9f8c309b3b35de10b') in 0.012689 seconds 
========================================================================
Received Import Request.
  Time since last request: 0.000021 seconds.
  path: Assets/Materials/Extra Textures/Grey materials 1.mat
  artifactKey: Guid(020f92c282d54134fa24db07839745aa) Importer(815301076,1909f56bfc062723c751e8b465ee728b)
Start importing Assets/Materials/Extra Textures/Grey materials 1.mat using Guid(020f92c282d54134fa24db07839745aa) Importer(815301076,1909f56bfc062723c751e8b465ee728b)  -> (artifact id: 'd2d370d2c67344692915794311f69a36') in 0.013153 seconds 
========================================================================
Received Import Request.
  Time since last request: 9.438027 seconds.
  path: Assets/Prefabs/Room Objects/Potion_Red.fbx
  artifactKey: Guid(61924be4a9c6f874ba1e5177ddc186aa) Importer(815301076,1909f56bfc062723c751e8b465ee728b)
Start importing Assets/Prefabs/Room Objects/Potion_Red.fbx using Guid(61924be4a9c6f874ba1e5177ddc186aa) Importer(815301076,1909f56bfc062723c751e8b465ee728b)  -> (artifact id: '4ff0b6c60f0ccc5d2fe9ebfd3a357867') in 0.029578 seconds 
========================================================================
Received Import Request.
  Time since last request: 0.000035 seconds.
  path: Assets/Prefabs/Room Objects/SM_Prop_TV_Wall_01.fbx
  artifactKey: Guid(1dcac46fca7d4f141bf0d9e41d48850c) Importer(815301076,1909f56bfc062723c751e8b465ee728b)
Start importing Assets/Prefabs/Room Objects/SM_Prop_TV_Wall_01.fbx using Guid(1dcac46fca7d4f141bf0d9e41d48850c) Importer(815301076,1909f56bfc062723c751e8b465ee728b)  -> (artifact id: 'efc2805a799b3f06df43dfc262624b38') in 0.027595 seconds 
========================================================================
Received Import Request.
  Time since last request: 0.000026 seconds.
  path: Assets/Prefabs/Room Objects/SM_Bld_FeatureWall_Square_01.fbx
  artifactKey: Guid(bd9a98ea91afde345a02e3143e32e346) Importer(815301076,1909f56bfc062723c751e8b465ee728b)
Start importing Assets/Prefabs/Room Objects/SM_Bld_FeatureWall_Square_01.fbx using Guid(bd9a98ea91afde345a02e3143e32e346) Importer(815301076,1909f56bfc062723c751e8b465ee728b)  -> (artifact id: '1eb28ba29537026a33456e4e7146a951') in 0.021725 seconds 
========================================================================
Received Import Request.
  Time since last request: 0.000022 seconds.
  path: Assets/Materials/Extra Textures/Halls Ceiling.mat
  artifactKey: Guid(4c45e480f2b0d0a409e7f5173869b47b) Importer(815301076,1909f56bfc062723c751e8b465ee728b)
Start importing Assets/Materials/Extra Textures/Halls Ceiling.mat using Guid(4c45e480f2b0d0a409e7f5173869b47b) Importer(815301076,1909f56bfc062723c751e8b465ee728b)  -> (artifact id: '63c6488ed03c5c830bc5815e35b76458') in 0.012491 seconds 
========================================================================
Received Import Request.
  Time since last request: 0.000022 seconds.
  path: Assets/Prefabs/Room Objects/SM_Prop_Bottle_01.fbx
  artifactKey: Guid(03ebf3445b56d70479ec1409dbe5d67d) Importer(815301076,1909f56bfc062723c751e8b465ee728b)
Start importing Assets/Prefabs/Room Objects/SM_Prop_Bottle_01.fbx using Guid(03ebf3445b56d70479ec1409dbe5d67d) Importer(815301076,1909f56bfc062723c751e8b465ee728b)  -> (artifact id: '0fbf86afaf67fcab18322136fa3276d7') in 0.031486 seconds 
========================================================================
Received Import Request.
  Time since last request: 0.000018 seconds.
  path: Assets/Prefabs/Room Objects/Flask.fbx
  artifactKey: Guid(e55ed70c649cc6149a2a5fcbfaa2b9dc) Importer(815301076,1909f56bfc062723c751e8b465ee728b)
Start importing Assets/Prefabs/Room Objects/Flask.fbx using Guid(e55ed70c649cc6149a2a5fcbfaa2b9dc) Importer(815301076,1909f56bfc062723c751e8b465ee728b)  -> (artifact id: '41b382d2b0e86423789e1ed80f7447c2') in 0.023231 seconds 
========================================================================
Received Prepare
Registering precompiled user dll's ...
Registered in 0.005591 seconds.
Begin MonoManager ReloadAssembly
Symbol file LoadedFromMemory doesn't match image C:\Mestrado\1_Ano\2_Semestre\Project_Museum\Project Museum\Library\PackageCache\com.unity.visualscripting@1.7.8\Editor\VisualScripting.Core\Dependencies\YamlDotNet\Unity.VisualScripting.YamlDotNet.dll
Symbol file LoadedFromMemory doesn't match image C:\Mestrado\1_Ano\2_Semestre\Project_Museum\Project Museum\Library\PackageCache\com.unity.visualscripting@1.7.8\Editor\VisualScripting.Core\Dependencies\DotNetZip\Unity.VisualScripting.IonicZip.dll
Native extension for WindowsStandalone target not found
Native extension for WebGL target not found
Refreshing native plugins compatible for Editor in 0.99 ms, found 3 plugins.
Preloading 0 native plugins for Editor in 0.00 ms.
Mono: successfully reloaded assembly
- Completed reload, in  0.945 seconds
Domain Reload Profiling:
	ReloadAssembly (945ms)
		BeginReloadAssembly (126ms)
			ExecutionOrderSort (0ms)
			DisableScriptedObjects (4ms)
			BackupInstance (0ms)
			ReleaseScriptingObjects (0ms)
			CreateAndSetChildDomain (34ms)
		EndReloadAssembly (733ms)
			LoadAssemblies (82ms)
			RebuildTransferFunctionScriptingTraits (0ms)
			SetupTypeCache (238ms)
			ReleaseScriptCaches (1ms)
			RebuildScriptCaches (39ms)
			SetupLoadedEditorAssemblies (334ms)
				LogAssemblyErrors (0ms)
				InitializePlatformSupportModulesInManaged (14ms)
				SetLoadedEditorAssemblies (1ms)
				RefreshPlugins (1ms)
				BeforeProcessingInitializeOnLoad (66ms)
				ProcessInitializeOnLoadAttributes (218ms)
				ProcessInitializeOnLoadMethodAttributes (26ms)
				AfterProcessingInitializeOnLoad (9ms)
				EditorAssembliesLoaded (0ms)
			ExecutionOrderSort2 (0ms)
			AwakeInstancesAfterBackupRestoration (6ms)
Platform modules already initialized, skipping
Refreshing native plugins compatible for Editor in 1.91 ms, found 3 plugins.
Preloading 0 native plugins for Editor in 0.00 ms.
Unloading 3454 Unused Serialized files (Serialized files now loaded: 0)
Unloading 20 unused Assets / (80.2 KB). Loaded Objects now: 4014.
Memory consumption went from 140.7 MB to 140.6 MB.
Total: 3.074500 ms (FindLiveObjects: 0.325400 ms CreateObjectMapping: 0.217400 ms MarkObjects: 2.355300 ms  DeleteObjects: 0.175700 ms)

AssetImportParameters requested are different than current active one (requested -> active):
  custom:video-decoder-ogg-theora: a1e56fd34408186e4bbccfd4996cb3dc -> 
  custom:container-muxer-webm: aa71ff27fc2769a1b78a27578f13a17b -> 
  custom:container-demuxer-webm: 4f35f7cbe854078d1ac9338744f61a02 -> 
  custom:video-encoder-webm-vp8: eb34c28f22e8b96e1ab97ce403110664 -> 
  custom:audio-encoder-webm-vorbis: bf7c407c2cedff20999df2af8eb42d56 -> 
  custom:framework-win-MediaFoundation: 216162199b28c13a410421893ffa2e32 -> 
  custom:container-demuxer-ogg: 62fdf1f143b41e24485cea50d1cbac27 -> 
  custom:video-decoder-webm-vp8: 9c59270c3fd7afecdb556c50c9e8de78 -> 
  custom:audio-decoder-ogg-vorbis: bf7c407c2cedff20999df2af8eb42d56 -> 
========================================================================
Received Import Request.
  Time since last request: 163.636453 seconds.
  path: Assets/Prefabs/Room Objects/Potion_Blue.fbx
  artifactKey: Guid(1ccf62be4e41d6e4597b2ef5bddf1ee6) Importer(815301076,1909f56bfc062723c751e8b465ee728b)
Start importing Assets/Prefabs/Room Objects/Potion_Blue.fbx using Guid(1ccf62be4e41d6e4597b2ef5bddf1ee6) Importer(815301076,1909f56bfc062723c751e8b465ee728b)  -> (artifact id: '8f72f6aed990512f31e755abd927de8f') in 0.121612 seconds 
========================================================================
Received Import Request.
  Time since last request: 0.000029 seconds.
  path: Assets/Prefabs/Room Objects/SM_Prop_Light_07.fbx
  artifactKey: Guid(b3e97426a086c464b8d5b05c54627567) Importer(815301076,1909f56bfc062723c751e8b465ee728b)
Start importing Assets/Prefabs/Room Objects/SM_Prop_Light_07.fbx using Guid(b3e97426a086c464b8d5b05c54627567) Importer(815301076,1909f56bfc062723c751e8b465ee728b)  -> (artifact id: '034160c2882aaa41f4e848d10ddc4421') in 0.023462 seconds 
========================================================================
Received Import Request.
  Time since last request: 0.000026 seconds.
  path: Assets/Prefabs/Room Objects/SM_Prop_ID_Card_01.fbx
  artifactKey: Guid(31fed1183f66ca94dbf29db959a12048) Importer(815301076,1909f56bfc062723c751e8b465ee728b)
Start importing Assets/Prefabs/Room Objects/SM_Prop_ID_Card_01.fbx using Guid(31fed1183f66ca94dbf29db959a12048) Importer(815301076,1909f56bfc062723c751e8b465ee728b)  -> (artifact id: 'd2ed59960743c7720dba942da7fe6852') in 0.025565 seconds 
========================================================================
Received Import Request.
  Time since last request: 0.000021 seconds.
  path: Assets/Materials/Green.mat
  artifactKey: Guid(fc607e5d18a7de74d892fde6f741b52e) Importer(815301076,1909f56bfc062723c751e8b465ee728b)
Start importing Assets/Materials/Green.mat using Guid(fc607e5d18a7de74d892fde6f741b52e) Importer(815301076,1909f56bfc062723c751e8b465ee728b)  -> (artifact id: '1df6663ecdfe023956653aff51365ac6') in 0.016883 seconds 
========================================================================
Received Import Request.
  Time since last request: 0.000022 seconds.
  path: Assets/Prefabs/Room Objects/SM_Prop_Couch_04.fbx
  artifactKey: Guid(56981d60f846b4f44bc13ccb82b485c2) Importer(815301076,1909f56bfc062723c751e8b465ee728b)
Start importing Assets/Prefabs/Room Objects/SM_Prop_Couch_04.fbx using Guid(56981d60f846b4f44bc13ccb82b485c2) Importer(815301076,1909f56bfc062723c751e8b465ee728b)  -> (artifact id: '96235fce4ccda4f7682196820fc34e14') in 0.023092 seconds 
========================================================================
Received Prepare
Registering precompiled user dll's ...
Registered in 0.005561 seconds.
Begin MonoManager ReloadAssembly
Symbol file LoadedFromMemory doesn't match image C:\Mestrado\1_Ano\2_Semestre\Project_Museum\Project Museum\Library\PackageCache\com.unity.visualscripting@1.7.8\Editor\VisualScripting.Core\Dependencies\YamlDotNet\Unity.VisualScripting.YamlDotNet.dll
Symbol file LoadedFromMemory doesn't match image C:\Mestrado\1_Ano\2_Semestre\Project_Museum\Project Museum\Library\PackageCache\com.unity.visualscripting@1.7.8\Editor\VisualScripting.Core\Dependencies\DotNetZip\Unity.VisualScripting.IonicZip.dll
Native extension for WindowsStandalone target not found
Native extension for WebGL target not found
Refreshing native plugins compatible for Editor in 0.69 ms, found 3 plugins.
Preloading 0 native plugins for Editor in 0.00 ms.
Mono: successfully reloaded assembly
- Completed reload, in  0.958 seconds
Domain Reload Profiling:
	ReloadAssembly (959ms)
		BeginReloadAssembly (124ms)
			ExecutionOrderSort (0ms)
			DisableScriptedObjects (4ms)
			BackupInstance (0ms)
			ReleaseScriptingObjects (0ms)
			CreateAndSetChildDomain (34ms)
		EndReloadAssembly (747ms)
			LoadAssemblies (78ms)
			RebuildTransferFunctionScriptingTraits (0ms)
			SetupTypeCache (254ms)
			ReleaseScriptCaches (1ms)
			RebuildScriptCaches (40ms)
			SetupLoadedEditorAssemblies (337ms)
				LogAssemblyErrors (0ms)
				InitializePlatformSupportModulesInManaged (15ms)
				SetLoadedEditorAssemblies (0ms)
				RefreshPlugins (1ms)
				BeforeProcessingInitializeOnLoad (65ms)
				ProcessInitializeOnLoadAttributes (214ms)
				ProcessInitializeOnLoadMethodAttributes (32ms)
				AfterProcessingInitializeOnLoad (10ms)
				EditorAssembliesLoaded (0ms)
			ExecutionOrderSort2 (0ms)
			AwakeInstancesAfterBackupRestoration (6ms)
Platform modules already initialized, skipping
Refreshing native plugins compatible for Editor in 3.33 ms, found 3 plugins.
Preloading 0 native plugins for Editor in 0.00 ms.
Unloading 3454 Unused Serialized files (Serialized files now loaded: 0)
Unloading 20 unused Assets / (80.3 KB). Loaded Objects now: 4017.
Memory consumption went from 140.8 MB to 140.7 MB.
Total: 2.807300 ms (FindLiveObjects: 0.308500 ms CreateObjectMapping: 0.236300 ms MarkObjects: 2.176500 ms  DeleteObjects: 0.085000 ms)

AssetImportParameters requested are different than current active one (requested -> active):
  custom:video-decoder-ogg-theora: a1e56fd34408186e4bbccfd4996cb3dc -> 
  custom:container-muxer-webm: aa71ff27fc2769a1b78a27578f13a17b -> 
  custom:container-demuxer-webm: 4f35f7cbe854078d1ac9338744f61a02 -> 
  custom:video-encoder-webm-vp8: eb34c28f22e8b96e1ab97ce403110664 -> 
  custom:audio-encoder-webm-vorbis: bf7c407c2cedff20999df2af8eb42d56 -> 
  custom:framework-win-MediaFoundation: 216162199b28c13a410421893ffa2e32 -> 
  custom:container-demuxer-ogg: 62fdf1f143b41e24485cea50d1cbac27 -> 
  custom:video-decoder-webm-vp8: 9c59270c3fd7afecdb556c50c9e8de78 -> 
  custom:audio-decoder-ogg-vorbis: bf7c407c2cedff20999df2af8eb42d56 -> 
========================================================================
Received Prepare
Registering precompiled user dll's ...
Registered in 0.006327 seconds.
Begin MonoManager ReloadAssembly
Symbol file LoadedFromMemory doesn't match image C:\Mestrado\1_Ano\2_Semestre\Project_Museum\Project Museum\Library\PackageCache\com.unity.visualscripting@1.7.8\Editor\VisualScripting.Core\Dependencies\YamlDotNet\Unity.VisualScripting.YamlDotNet.dll
Symbol file LoadedFromMemory doesn't match image C:\Mestrado\1_Ano\2_Semestre\Project_Museum\Project Museum\Library\PackageCache\com.unity.visualscripting@1.7.8\Editor\VisualScripting.Core\Dependencies\DotNetZip\Unity.VisualScripting.IonicZip.dll
Native extension for WindowsStandalone target not found
Native extension for WebGL target not found
Refreshing native plugins compatible for Editor in 0.66 ms, found 3 plugins.
Preloading 0 native plugins for Editor in 0.00 ms.
Mono: successfully reloaded assembly
- Completed reload, in  0.952 seconds
Domain Reload Profiling:
	ReloadAssembly (952ms)
		BeginReloadAssembly (122ms)
			ExecutionOrderSort (0ms)
			DisableScriptedObjects (5ms)
			BackupInstance (0ms)
			ReleaseScriptingObjects (0ms)
			CreateAndSetChildDomain (31ms)
		EndReloadAssembly (738ms)
			LoadAssemblies (77ms)
			RebuildTransferFunctionScriptingTraits (0ms)
			SetupTypeCache (247ms)
			ReleaseScriptCaches (1ms)
			RebuildScriptCaches (39ms)
			SetupLoadedEditorAssemblies (336ms)
				LogAssemblyErrors (0ms)
				InitializePlatformSupportModulesInManaged (14ms)
				SetLoadedEditorAssemblies (0ms)
				RefreshPlugins (1ms)
				BeforeProcessingInitializeOnLoad (65ms)
				ProcessInitializeOnLoadAttributes (218ms)
				ProcessInitializeOnLoadMethodAttributes (28ms)
				AfterProcessingInitializeOnLoad (10ms)
				EditorAssembliesLoaded (0ms)
			ExecutionOrderSort2 (0ms)
			AwakeInstancesAfterBackupRestoration (6ms)
Platform modules already initialized, skipping
Refreshing native plugins compatible for Editor in 2.82 ms, found 3 plugins.
Preloading 0 native plugins for Editor in 0.00 ms.
Unloading 3454 Unused Serialized files (Serialized files now loaded: 0)
Unloading 20 unused Assets / (80.2 KB). Loaded Objects now: 4020.
Memory consumption went from 140.8 MB to 140.7 MB.
Total: 2.644000 ms (FindLiveObjects: 0.279900 ms CreateObjectMapping: 0.213800 ms MarkObjects: 2.070000 ms  DeleteObjects: 0.079600 ms)

AssetImportParameters requested are different than current active one (requested -> active):
  custom:video-decoder-ogg-theora: a1e56fd34408186e4bbccfd4996cb3dc -> 
  custom:container-muxer-webm: aa71ff27fc2769a1b78a27578f13a17b -> 
  custom:container-demuxer-webm: 4f35f7cbe854078d1ac9338744f61a02 -> 
  custom:video-encoder-webm-vp8: eb34c28f22e8b96e1ab97ce403110664 -> 
  custom:audio-encoder-webm-vorbis: bf7c407c2cedff20999df2af8eb42d56 -> 
  custom:framework-win-MediaFoundation: 216162199b28c13a410421893ffa2e32 -> 
  custom:container-demuxer-ogg: 62fdf1f143b41e24485cea50d1cbac27 -> 
  custom:video-decoder-webm-vp8: 9c59270c3fd7afecdb556c50c9e8de78 -> 
  custom:audio-decoder-ogg-vorbis: bf7c407c2cedff20999df2af8eb42d56 -> 
========================================================================
Received Prepare
Registering precompiled user dll's ...
Registered in 0.006656 seconds.
Begin MonoManager ReloadAssembly
Symbol file LoadedFromMemory doesn't match image C:\Mestrado\1_Ano\2_Semestre\Project_Museum\Project Museum\Library\PackageCache\com.unity.visualscripting@1.7.8\Editor\VisualScripting.Core\Dependencies\YamlDotNet\Unity.VisualScripting.YamlDotNet.dll
Symbol file LoadedFromMemory doesn't match image C:\Mestrado\1_Ano\2_Semestre\Project_Museum\Project Museum\Library\PackageCache\com.unity.visualscripting@1.7.8\Editor\VisualScripting.Core\Dependencies\DotNetZip\Unity.VisualScripting.IonicZip.dll
Native extension for WindowsStandalone target not found
Native extension for WebGL target not found
Refreshing native plugins compatible for Editor in 0.58 ms, found 3 plugins.
Preloading 0 native plugins for Editor in 0.00 ms.
Mono: successfully reloaded assembly
- Completed reload, in  0.932 seconds
Domain Reload Profiling:
	ReloadAssembly (933ms)
		BeginReloadAssembly (123ms)
			ExecutionOrderSort (0ms)
			DisableScriptedObjects (5ms)
			BackupInstance (0ms)
			ReleaseScriptingObjects (0ms)
			CreateAndSetChildDomain (30ms)
		EndReloadAssembly (723ms)
			LoadAssemblies (78ms)
			RebuildTransferFunctionScriptingTraits (0ms)
			SetupTypeCache (235ms)
			ReleaseScriptCaches (1ms)
			RebuildScriptCaches (40ms)
			SetupLoadedEditorAssemblies (333ms)
				LogAssemblyErrors (0ms)
				InitializePlatformSupportModulesInManaged (14ms)
				SetLoadedEditorAssemblies (0ms)
				RefreshPlugins (1ms)
				BeforeProcessingInitializeOnLoad (66ms)
				ProcessInitializeOnLoadAttributes (216ms)
				ProcessInitializeOnLoadMethodAttributes (27ms)
				AfterProcessingInitializeOnLoad (9ms)
				EditorAssembliesLoaded (0ms)
			ExecutionOrderSort2 (0ms)
			AwakeInstancesAfterBackupRestoration (5ms)
Platform modules already initialized, skipping
Refreshing native plugins compatible for Editor in 2.10 ms, found 3 plugins.
Preloading 0 native plugins for Editor in 0.00 ms.
Unloading 3454 Unused Serialized files (Serialized files now loaded: 0)
Unloading 20 unused Assets / (80.2 KB). Loaded Objects now: 4023.
Memory consumption went from 140.8 MB to 140.7 MB.
Total: 2.886800 ms (FindLiveObjects: 0.340600 ms CreateObjectMapping: 0.236700 ms MarkObjects: 2.219500 ms  DeleteObjects: 0.088900 ms)

AssetImportParameters requested are different than current active one (requested -> active):
  custom:video-decoder-ogg-theora: a1e56fd34408186e4bbccfd4996cb3dc -> 
  custom:container-muxer-webm: aa71ff27fc2769a1b78a27578f13a17b -> 
  custom:container-demuxer-webm: 4f35f7cbe854078d1ac9338744f61a02 -> 
  custom:video-encoder-webm-vp8: eb34c28f22e8b96e1ab97ce403110664 -> 
  custom:audio-encoder-webm-vorbis: bf7c407c2cedff20999df2af8eb42d56 -> 
  custom:framework-win-MediaFoundation: 216162199b28c13a410421893ffa2e32 -> 
  custom:container-demuxer-ogg: 62fdf1f143b41e24485cea50d1cbac27 -> 
  custom:video-decoder-webm-vp8: 9c59270c3fd7afecdb556c50c9e8de78 -> 
  custom:audio-decoder-ogg-vorbis: bf7c407c2cedff20999df2af8eb42d56 -> 
